ERROR - 2024-11-13 04:46:04 --> Error connecting to the database: mysqli_sql_exception: No connection could be made because the target machine actively refused it in D:\XAMPP\htdocs\sims\WEBSIMS\system\Database\MySQLi\Connection.php:173
Stack trace:
#0 D:\XAMPP\htdocs\sims\WEBSIMS\system\Database\MySQLi\Connection.php(173): mysqli->real_connect('localhost', 'root', Object(SensitiveParameterValue), 'sims', 3306, '', 0)
#1 D:\XAMPP\htdocs\sims\WEBSIMS\system\Database\BaseConnection.php(391): CodeIgniter\Database\MySQLi\Connection->connect(false)
#2 D:\XAMPP\htdocs\sims\WEBSIMS\system\Database\BaseConnection.php(573): CodeIgniter\Database\BaseConnection->initialize()
#3 D:\XAMPP\htdocs\sims\WEBSIMS\system\Database\BaseBuilder.php(1616): CodeIgniter\Database\BaseConnection->query('SELECT *\nFROM `...', Array, false)
#4 D:\XAMPP\htdocs\sims\WEBSIMS\app\Models\M_Form.php(9): CodeIgniter\Database\BaseBuilder->get()
#5 D:\XAMPP\htdocs\sims\WEBSIMS\app\Controllers\Payment.php(17): App\Models\M_Form->AllProvinsi()
#6 D:\XAMPP\htdocs\sims\WEBSIMS\system\CodeIgniter.php(934): App\Controllers\Payment->index()
#7 D:\XAMPP\htdocs\sims\WEBSIMS\system\CodeIgniter.php(499): CodeIgniter\CodeIgniter->runController(Object(App\Controllers\Payment))
#8 D:\XAMPP\htdocs\sims\WEBSIMS\system\CodeIgniter.php(368): CodeIgniter\CodeIgniter->handleRequest(NULL, Object(Config\Cache), false)
#9 D:\XAMPP\htdocs\sims\WEBSIMS\public\index.php(67): CodeIgniter\CodeIgniter->run()
#10 D:\XAMPP\htdocs\sims\WEBSIMS\system\Commands\Server\rewrite.php(47): require_once('D:\\XAMPP\\htdocs...')
#11 {main}

Next CodeIgniter\Database\Exceptions\DatabaseException: No connection could be made because the target machine actively refused it in D:\XAMPP\htdocs\sims\WEBSIMS\system\Database\MySQLi\Connection.php:218
Stack trace:
#0 D:\XAMPP\htdocs\sims\WEBSIMS\system\Database\BaseConnection.php(391): CodeIgniter\Database\MySQLi\Connection->connect(false)
#1 D:\XAMPP\htdocs\sims\WEBSIMS\system\Database\BaseConnection.php(573): CodeIgniter\Database\BaseConnection->initialize()
#2 D:\XAMPP\htdocs\sims\WEBSIMS\system\Database\BaseBuilder.php(1616): CodeIgniter\Database\BaseConnection->query('SELECT *\nFROM `...', Array, false)
#3 D:\XAMPP\htdocs\sims\WEBSIMS\app\Models\M_Form.php(9): CodeIgniter\Database\BaseBuilder->get()
#4 D:\XAMPP\htdocs\sims\WEBSIMS\app\Controllers\Payment.php(17): App\Models\M_Form->AllProvinsi()
#5 D:\XAMPP\htdocs\sims\WEBSIMS\system\CodeIgniter.php(934): App\Controllers\Payment->index()
#6 D:\XAMPP\htdocs\sims\WEBSIMS\system\CodeIgniter.php(499): CodeIgniter\CodeIgniter->runController(Object(App\Controllers\Payment))
#7 D:\XAMPP\htdocs\sims\WEBSIMS\system\CodeIgniter.php(368): CodeIgniter\CodeIgniter->handleRequest(NULL, Object(Config\Cache), false)
#8 D:\XAMPP\htdocs\sims\WEBSIMS\public\index.php(67): CodeIgniter\CodeIgniter->run()
#9 D:\XAMPP\htdocs\sims\WEBSIMS\system\Commands\Server\rewrite.php(47): require_once('D:\\XAMPP\\htdocs...')
#10 {main}
CRITICAL - 2024-11-13 04:46:04 --> Unable to connect to the database.
Main connection [MySQLi]: No connection could be made because the target machine actively refused it
in SYSTEMPATH\Database\BaseConnection.php on line 427.
 1 SYSTEMPATH\Database\BaseConnection.php(573): CodeIgniter\Database\BaseConnection->initialize()
 2 SYSTEMPATH\Database\BaseBuilder.php(1616): CodeIgniter\Database\BaseConnection->query('SELECT *
FROM `tbl_provinsi`', [], false)
 3 APPPATH\Models\M_Form.php(9): CodeIgniter\Database\BaseBuilder->get()
 4 APPPATH\Controllers\Payment.php(17): App\Models\M_Form->AllProvinsi()
 5 SYSTEMPATH\CodeIgniter.php(934): App\Controllers\Payment->index()
 6 SYSTEMPATH\CodeIgniter.php(499): CodeIgniter\CodeIgniter->runController(Object(App\Controllers\Payment))
 7 SYSTEMPATH\CodeIgniter.php(368): CodeIgniter\CodeIgniter->handleRequest(null, Object(Config\Cache), false)
 8 FCPATH\index.php(67): CodeIgniter\CodeIgniter->run()
 9 SYSTEMPATH\Commands\Server\rewrite.php(47): require_once('D:\\XAMPP\\htdocs\\sims\\WEBSIMS\\public\\index.php')
ERROR - 2024-11-13 04:46:36 --> Error connecting to the database: mysqli_sql_exception: No connection could be made because the target machine actively refused it in D:\XAMPP\htdocs\sims\WEBSIMS\system\Database\MySQLi\Connection.php:173
Stack trace:
#0 D:\XAMPP\htdocs\sims\WEBSIMS\system\Database\MySQLi\Connection.php(173): mysqli->real_connect('localhost', 'root', Object(SensitiveParameterValue), 'sims', 3306, '', 0)
#1 D:\XAMPP\htdocs\sims\WEBSIMS\system\Database\BaseConnection.php(391): CodeIgniter\Database\MySQLi\Connection->connect(false)
#2 D:\XAMPP\htdocs\sims\WEBSIMS\system\Database\BaseConnection.php(573): CodeIgniter\Database\BaseConnection->initialize()
#3 D:\XAMPP\htdocs\sims\WEBSIMS\system\Database\BaseBuilder.php(1616): CodeIgniter\Database\BaseConnection->query('SELECT *\nFROM `...', Array, false)
#4 D:\XAMPP\htdocs\sims\WEBSIMS\app\Models\M_Form.php(9): CodeIgniter\Database\BaseBuilder->get()
#5 D:\XAMPP\htdocs\sims\WEBSIMS\app\Controllers\Payment.php(17): App\Models\M_Form->AllProvinsi()
#6 D:\XAMPP\htdocs\sims\WEBSIMS\system\CodeIgniter.php(934): App\Controllers\Payment->index()
#7 D:\XAMPP\htdocs\sims\WEBSIMS\system\CodeIgniter.php(499): CodeIgniter\CodeIgniter->runController(Object(App\Controllers\Payment))
#8 D:\XAMPP\htdocs\sims\WEBSIMS\system\CodeIgniter.php(368): CodeIgniter\CodeIgniter->handleRequest(NULL, Object(Config\Cache), false)
#9 D:\XAMPP\htdocs\sims\WEBSIMS\public\index.php(67): CodeIgniter\CodeIgniter->run()
#10 D:\XAMPP\htdocs\sims\WEBSIMS\system\Commands\Server\rewrite.php(47): require_once('D:\\XAMPP\\htdocs...')
#11 {main}

Next CodeIgniter\Database\Exceptions\DatabaseException: No connection could be made because the target machine actively refused it in D:\XAMPP\htdocs\sims\WEBSIMS\system\Database\MySQLi\Connection.php:218
Stack trace:
#0 D:\XAMPP\htdocs\sims\WEBSIMS\system\Database\BaseConnection.php(391): CodeIgniter\Database\MySQLi\Connection->connect(false)
#1 D:\XAMPP\htdocs\sims\WEBSIMS\system\Database\BaseConnection.php(573): CodeIgniter\Database\BaseConnection->initialize()
#2 D:\XAMPP\htdocs\sims\WEBSIMS\system\Database\BaseBuilder.php(1616): CodeIgniter\Database\BaseConnection->query('SELECT *\nFROM `...', Array, false)
#3 D:\XAMPP\htdocs\sims\WEBSIMS\app\Models\M_Form.php(9): CodeIgniter\Database\BaseBuilder->get()
#4 D:\XAMPP\htdocs\sims\WEBSIMS\app\Controllers\Payment.php(17): App\Models\M_Form->AllProvinsi()
#5 D:\XAMPP\htdocs\sims\WEBSIMS\system\CodeIgniter.php(934): App\Controllers\Payment->index()
#6 D:\XAMPP\htdocs\sims\WEBSIMS\system\CodeIgniter.php(499): CodeIgniter\CodeIgniter->runController(Object(App\Controllers\Payment))
#7 D:\XAMPP\htdocs\sims\WEBSIMS\system\CodeIgniter.php(368): CodeIgniter\CodeIgniter->handleRequest(NULL, Object(Config\Cache), false)
#8 D:\XAMPP\htdocs\sims\WEBSIMS\public\index.php(67): CodeIgniter\CodeIgniter->run()
#9 D:\XAMPP\htdocs\sims\WEBSIMS\system\Commands\Server\rewrite.php(47): require_once('D:\\XAMPP\\htdocs...')
#10 {main}
CRITICAL - 2024-11-13 04:46:36 --> Unable to connect to the database.
Main connection [MySQLi]: No connection could be made because the target machine actively refused it
in SYSTEMPATH\Database\BaseConnection.php on line 427.
 1 SYSTEMPATH\Database\BaseConnection.php(573): CodeIgniter\Database\BaseConnection->initialize()
 2 SYSTEMPATH\Database\BaseBuilder.php(1616): CodeIgniter\Database\BaseConnection->query('SELECT *
FROM `tbl_provinsi`', [], false)
 3 APPPATH\Models\M_Form.php(9): CodeIgniter\Database\BaseBuilder->get()
 4 APPPATH\Controllers\Payment.php(17): App\Models\M_Form->AllProvinsi()
 5 SYSTEMPATH\CodeIgniter.php(934): App\Controllers\Payment->index()
 6 SYSTEMPATH\CodeIgniter.php(499): CodeIgniter\CodeIgniter->runController(Object(App\Controllers\Payment))
 7 SYSTEMPATH\CodeIgniter.php(368): CodeIgniter\CodeIgniter->handleRequest(null, Object(Config\Cache), false)
 8 FCPATH\index.php(67): CodeIgniter\CodeIgniter->run()
 9 SYSTEMPATH\Commands\Server\rewrite.php(47): require_once('D:\\XAMPP\\htdocs\\sims\\WEBSIMS\\public\\index.php')
ERROR - 2024-11-13 04:50:11 --> Error connecting to the database: mysqli_sql_exception: No connection could be made because the target machine actively refused it in D:\XAMPP\htdocs\sims\WEBSIMS\system\Database\MySQLi\Connection.php:173
Stack trace:
#0 D:\XAMPP\htdocs\sims\WEBSIMS\system\Database\MySQLi\Connection.php(173): mysqli->real_connect('localhost', 'root', Object(SensitiveParameterValue), 'sims', 3306, '', 0)
#1 D:\XAMPP\htdocs\sims\WEBSIMS\system\Database\BaseConnection.php(391): CodeIgniter\Database\MySQLi\Connection->connect(false)
#2 D:\XAMPP\htdocs\sims\WEBSIMS\system\Database\BaseConnection.php(573): CodeIgniter\Database\BaseConnection->initialize()
#3 D:\XAMPP\htdocs\sims\WEBSIMS\system\Database\BaseBuilder.php(1616): CodeIgniter\Database\BaseConnection->query('SELECT *\nFROM `...', Array, false)
#4 D:\XAMPP\htdocs\sims\WEBSIMS\app\Models\M_Form.php(9): CodeIgniter\Database\BaseBuilder->get()
#5 D:\XAMPP\htdocs\sims\WEBSIMS\app\Controllers\Payment.php(17): App\Models\M_Form->AllProvinsi()
#6 D:\XAMPP\htdocs\sims\WEBSIMS\system\CodeIgniter.php(934): App\Controllers\Payment->index()
#7 D:\XAMPP\htdocs\sims\WEBSIMS\system\CodeIgniter.php(499): CodeIgniter\CodeIgniter->runController(Object(App\Controllers\Payment))
#8 D:\XAMPP\htdocs\sims\WEBSIMS\system\CodeIgniter.php(368): CodeIgniter\CodeIgniter->handleRequest(NULL, Object(Config\Cache), false)
#9 D:\XAMPP\htdocs\sims\WEBSIMS\public\index.php(67): CodeIgniter\CodeIgniter->run()
#10 D:\XAMPP\htdocs\sims\WEBSIMS\system\Commands\Server\rewrite.php(47): require_once('D:\\XAMPP\\htdocs...')
#11 {main}

Next CodeIgniter\Database\Exceptions\DatabaseException: No connection could be made because the target machine actively refused it in D:\XAMPP\htdocs\sims\WEBSIMS\system\Database\MySQLi\Connection.php:218
Stack trace:
#0 D:\XAMPP\htdocs\sims\WEBSIMS\system\Database\BaseConnection.php(391): CodeIgniter\Database\MySQLi\Connection->connect(false)
#1 D:\XAMPP\htdocs\sims\WEBSIMS\system\Database\BaseConnection.php(573): CodeIgniter\Database\BaseConnection->initialize()
#2 D:\XAMPP\htdocs\sims\WEBSIMS\system\Database\BaseBuilder.php(1616): CodeIgniter\Database\BaseConnection->query('SELECT *\nFROM `...', Array, false)
#3 D:\XAMPP\htdocs\sims\WEBSIMS\app\Models\M_Form.php(9): CodeIgniter\Database\BaseBuilder->get()
#4 D:\XAMPP\htdocs\sims\WEBSIMS\app\Controllers\Payment.php(17): App\Models\M_Form->AllProvinsi()
#5 D:\XAMPP\htdocs\sims\WEBSIMS\system\CodeIgniter.php(934): App\Controllers\Payment->index()
#6 D:\XAMPP\htdocs\sims\WEBSIMS\system\CodeIgniter.php(499): CodeIgniter\CodeIgniter->runController(Object(App\Controllers\Payment))
#7 D:\XAMPP\htdocs\sims\WEBSIMS\system\CodeIgniter.php(368): CodeIgniter\CodeIgniter->handleRequest(NULL, Object(Config\Cache), false)
#8 D:\XAMPP\htdocs\sims\WEBSIMS\public\index.php(67): CodeIgniter\CodeIgniter->run()
#9 D:\XAMPP\htdocs\sims\WEBSIMS\system\Commands\Server\rewrite.php(47): require_once('D:\\XAMPP\\htdocs...')
#10 {main}
CRITICAL - 2024-11-13 04:50:12 --> Unable to connect to the database.
Main connection [MySQLi]: No connection could be made because the target machine actively refused it
in SYSTEMPATH\Database\BaseConnection.php on line 427.
 1 SYSTEMPATH\Database\BaseConnection.php(573): CodeIgniter\Database\BaseConnection->initialize()
 2 SYSTEMPATH\Database\BaseBuilder.php(1616): CodeIgniter\Database\BaseConnection->query('SELECT *
FROM `tbl_provinsi`', [], false)
 3 APPPATH\Models\M_Form.php(9): CodeIgniter\Database\BaseBuilder->get()
 4 APPPATH\Controllers\Payment.php(17): App\Models\M_Form->AllProvinsi()
 5 SYSTEMPATH\CodeIgniter.php(934): App\Controllers\Payment->index()
 6 SYSTEMPATH\CodeIgniter.php(499): CodeIgniter\CodeIgniter->runController(Object(App\Controllers\Payment))
 7 SYSTEMPATH\CodeIgniter.php(368): CodeIgniter\CodeIgniter->handleRequest(null, Object(Config\Cache), false)
 8 FCPATH\index.php(67): CodeIgniter\CodeIgniter->run()
 9 SYSTEMPATH\Commands\Server\rewrite.php(47): require_once('D:\\XAMPP\\htdocs\\sims\\WEBSIMS\\public\\index.php')
