CRITICAL - 2024-10-30 10:45:26 --> Invalid file: "login.php"
in SYSTEMPATH\Exceptions\FrameworkException.php on line 33.
 1 SYSTEMPATH\View\View.php(201): CodeIgniter\Exceptions\FrameworkException::forInvalidFile('login.php')
 2 SYSTEMPATH\Common.php(1184): CodeIgniter\View\View->render('login', [], true)
 3 APPPATH\Views\templates\content.php(4): view('login')
 4 SYSTEMPATH\View\View.php(213): include('D:\\FINAL SIMS\\SIMSWEB\\app\\Views\\templates\\content.php')
 5 SYSTEMPATH\View\View.php(216): CodeIgniter\View\View->CodeIgniter\View\{closure}()
 6 SYSTEMPATH\Common.php(1184): CodeIgniter\View\View->render('templates/content', [], true)
 7 APPPATH\Views\templates\wrapper.php(5): view('templates/content')
 8 SYSTEMPATH\View\View.php(213): include('D:\\FINAL SIMS\\SIMSWEB\\app\\Views\\templates\\wrapper.php')
 9 SYSTEMPATH\View\View.php(216): CodeIgniter\View\View->CodeIgniter\View\{closure}()
10 SYSTEMPATH\Common.php(1184): CodeIgniter\View\View->render('templates/wrapper', [], true)
11 APPPATH\Controllers\Login.php(13): view('templates/wrapper', [...])
12 SYSTEMPATH\CodeIgniter.php(934): App\Controllers\Login->index()
13 SYSTEMPATH\CodeIgniter.php(499): CodeIgniter\CodeIgniter->runController(Object(App\Controllers\Login))
14 SYSTEMPATH\CodeIgniter.php(368): CodeIgniter\CodeIgniter->handleRequest(null, Object(Config\Cache), false)
15 FCPATH\index.php(67): CodeIgniter\CodeIgniter->run()
16 SYSTEMPATH\Commands\Server\rewrite.php(47): require_once('D:\\FINAL SIMS\\SIMSWEB\\public\\index.php')
CRITICAL - 2024-10-30 10:45:27 --> Invalid file: "login.php"
in SYSTEMPATH\Exceptions\FrameworkException.php on line 33.
 1 SYSTEMPATH\View\View.php(201): CodeIgniter\Exceptions\FrameworkException::forInvalidFile('login.php')
 2 SYSTEMPATH\Common.php(1184): CodeIgniter\View\View->render('login', [], true)
 3 APPPATH\Views\templates\content.php(4): view('login')
 4 SYSTEMPATH\View\View.php(213): include('D:\\FINAL SIMS\\SIMSWEB\\app\\Views\\templates\\content.php')
 5 SYSTEMPATH\View\View.php(216): CodeIgniter\View\View->CodeIgniter\View\{closure}()
 6 SYSTEMPATH\Common.php(1184): CodeIgniter\View\View->render('templates/content', [], true)
 7 APPPATH\Views\templates\wrapper.php(5): view('templates/content')
 8 SYSTEMPATH\View\View.php(213): include('D:\\FINAL SIMS\\SIMSWEB\\app\\Views\\templates\\wrapper.php')
 9 SYSTEMPATH\View\View.php(216): CodeIgniter\View\View->CodeIgniter\View\{closure}()
10 SYSTEMPATH\Common.php(1184): CodeIgniter\View\View->render('templates/wrapper', [], true)
11 APPPATH\Controllers\Login.php(13): view('templates/wrapper', [...])
12 SYSTEMPATH\CodeIgniter.php(934): App\Controllers\Login->index()
13 SYSTEMPATH\CodeIgniter.php(499): CodeIgniter\CodeIgniter->runController(Object(App\Controllers\Login))
14 SYSTEMPATH\CodeIgniter.php(368): CodeIgniter\CodeIgniter->handleRequest(null, Object(Config\Cache), false)
15 FCPATH\index.php(67): CodeIgniter\CodeIgniter->run()
16 SYSTEMPATH\Commands\Server\rewrite.php(47): require_once('D:\\FINAL SIMS\\SIMSWEB\\public\\index.php')
CRITICAL - 2024-10-30 10:47:14 --> Invalid file: "login.php"
in SYSTEMPATH\Exceptions\FrameworkException.php on line 33.
 1 SYSTEMPATH\View\View.php(201): CodeIgniter\Exceptions\FrameworkException::forInvalidFile('login.php')
 2 SYSTEMPATH\Common.php(1184): CodeIgniter\View\View->render('login', [], true)
 3 APPPATH\Views\templates\content.php(4): view('login')
 4 SYSTEMPATH\View\View.php(213): include('D:\\FINAL SIMS\\SIMSWEB\\app\\Views\\templates\\content.php')
 5 SYSTEMPATH\View\View.php(216): CodeIgniter\View\View->CodeIgniter\View\{closure}()
 6 SYSTEMPATH\Common.php(1184): CodeIgniter\View\View->render('templates/content', [], true)
 7 APPPATH\Views\templates\wrapper.php(5): view('templates/content')
 8 SYSTEMPATH\View\View.php(213): include('D:\\FINAL SIMS\\SIMSWEB\\app\\Views\\templates\\wrapper.php')
 9 SYSTEMPATH\View\View.php(216): CodeIgniter\View\View->CodeIgniter\View\{closure}()
10 SYSTEMPATH\Common.php(1184): CodeIgniter\View\View->render('templates/wrapper', [], true)
11 APPPATH\Controllers\Login.php(13): view('templates/wrapper', [...])
12 SYSTEMPATH\CodeIgniter.php(934): App\Controllers\Login->login()
13 SYSTEMPATH\CodeIgniter.php(499): CodeIgniter\CodeIgniter->runController(Object(App\Controllers\Login))
14 SYSTEMPATH\CodeIgniter.php(368): CodeIgniter\CodeIgniter->handleRequest(null, Object(Config\Cache), false)
15 FCPATH\index.php(67): CodeIgniter\CodeIgniter->run()
16 SYSTEMPATH\Commands\Server\rewrite.php(47): require_once('D:\\FINAL SIMS\\SIMSWEB\\public\\index.php')
CRITICAL - 2024-10-30 11:45:56 --> syntax error, unexpected token "}", expecting ";"
in APPPATH\Controllers\User.php on line 36.
 1 SYSTEMPATH\Autoloader\Autoloader.php(289): CodeIgniter\Autoloader\Autoloader->includeFile('D:\\FINAL SIMS\\SIMSWEB\\app\\Controllers\\User.php')
 2 SYSTEMPATH\Autoloader\Autoloader.php(267): CodeIgniter\Autoloader\Autoloader->loadInNamespace('App\\Controllers\\User')
 3 [internal function]: CodeIgniter\Autoloader\Autoloader->loadClass('App\\Controllers\\User')
 4 SYSTEMPATH\CodeIgniter.php(892): class_exists('\\App\\Controllers\\User', true)
 5 SYSTEMPATH\CodeIgniter.php(486): CodeIgniter\CodeIgniter->startController()
 6 SYSTEMPATH\CodeIgniter.php(368): CodeIgniter\CodeIgniter->handleRequest(null, Object(Config\Cache), false)
 7 FCPATH\index.php(67): CodeIgniter\CodeIgniter->run()
 8 SYSTEMPATH\Commands\Server\rewrite.php(47): require_once('D:\\FINAL SIMS\\SIMSWEB\\public\\index.php')
CRITICAL - 2024-10-30 11:45:57 --> syntax error, unexpected token "}", expecting ";"
in APPPATH\Controllers\User.php on line 36.
 1 SYSTEMPATH\Autoloader\Autoloader.php(289): CodeIgniter\Autoloader\Autoloader->includeFile('D:\\FINAL SIMS\\SIMSWEB\\app\\Controllers\\User.php')
 2 SYSTEMPATH\Autoloader\Autoloader.php(267): CodeIgniter\Autoloader\Autoloader->loadInNamespace('App\\Controllers\\User')
 3 [internal function]: CodeIgniter\Autoloader\Autoloader->loadClass('App\\Controllers\\User')
 4 SYSTEMPATH\CodeIgniter.php(892): class_exists('\\App\\Controllers\\User', true)
 5 SYSTEMPATH\CodeIgniter.php(486): CodeIgniter\CodeIgniter->startController()
 6 SYSTEMPATH\CodeIgniter.php(368): CodeIgniter\CodeIgniter->handleRequest(null, Object(Config\Cache), false)
 7 FCPATH\index.php(67): CodeIgniter\CodeIgniter->run()
 8 SYSTEMPATH\Commands\Server\rewrite.php(47): require_once('D:\\FINAL SIMS\\SIMSWEB\\public\\index.php')
CRITICAL - 2024-10-30 11:46:00 --> syntax error, unexpected token "}", expecting ";"
in APPPATH\Controllers\User.php on line 36.
 1 SYSTEMPATH\Autoloader\Autoloader.php(289): CodeIgniter\Autoloader\Autoloader->includeFile('D:\\FINAL SIMS\\SIMSWEB\\app\\Controllers\\User.php')
 2 SYSTEMPATH\Autoloader\Autoloader.php(267): CodeIgniter\Autoloader\Autoloader->loadInNamespace('App\\Controllers\\User')
 3 [internal function]: CodeIgniter\Autoloader\Autoloader->loadClass('App\\Controllers\\User')
 4 SYSTEMPATH\CodeIgniter.php(892): class_exists('\\App\\Controllers\\User', true)
 5 SYSTEMPATH\CodeIgniter.php(486): CodeIgniter\CodeIgniter->startController()
 6 SYSTEMPATH\CodeIgniter.php(368): CodeIgniter\CodeIgniter->handleRequest(null, Object(Config\Cache), false)
 7 FCPATH\index.php(67): CodeIgniter\CodeIgniter->run()
 8 SYSTEMPATH\Commands\Server\rewrite.php(47): require_once('D:\\FINAL SIMS\\SIMSWEB\\public\\index.php')
