CRITICAL - 2024-11-17 05:13:03 --> Undefined variable $judul
in APPPATH\Views\templates\admin_dashboard.php on line 146.
 1 APPPATH\Views\templates\admin_dashboard.php(146): CodeIgniter\Debug\Exceptions->errorHandler(2, 'Undefined variable $judul', 'D:\\XAMPP\\htdocs\\sims\\WEBSIMS\\app\\Views\\templates\\admin_dashboard.php', 146)
 2 SYSTEMPATH\View\View.php(213): include('D:\\XAMPP\\htdocs\\sims\\WEBSIMS\\app\\Views\\templates\\admin_dashboard.php')
 3 SYSTEMPATH\View\View.php(216): CodeIgniter\View\View->CodeIgniter\View\{closure}()
 4 SYSTEMPATH\Common.php(1184): CodeIgniter\View\View->render('/templates/admin_dashboard', [], true)
 5 APPPATH\Controllers\Dashboard.php(11): view('/templates/admin_dashboard')
 6 SYSTEMPATH\CodeIgniter.php(934): App\Controllers\Dashboard->index()
 7 SYSTEMPATH\CodeIgniter.php(499): CodeIgniter\CodeIgniter->runController(Object(App\Controllers\Dashboard))
 8 SYSTEMPATH\CodeIgniter.php(368): CodeIgniter\CodeIgniter->handleRequest(null, Object(Config\Cache), false)
 9 FCPATH\index.php(67): CodeIgniter\CodeIgniter->run()
10 SYSTEMPATH\Commands\Server\rewrite.php(47): require_once('D:\\XAMPP\\htdocs\\sims\\WEBSIMS\\public\\index.php')
CRITICAL - 2024-11-17 05:15:32 --> Undefined variable $judul
in APPPATH\Views\templates\admin_dashboard.php on line 146.
 1 APPPATH\Views\templates\admin_dashboard.php(146): CodeIgniter\Debug\Exceptions->errorHandler(2, 'Undefined variable $judul', 'D:\\XAMPP\\htdocs\\sims\\WEBSIMS\\app\\Views\\templates\\admin_dashboard.php', 146)
 2 SYSTEMPATH\View\View.php(213): include('D:\\XAMPP\\htdocs\\sims\\WEBSIMS\\app\\Views\\templates\\admin_dashboard.php')
 3 SYSTEMPATH\View\View.php(216): CodeIgniter\View\View->CodeIgniter\View\{closure}()
 4 SYSTEMPATH\Common.php(1184): CodeIgniter\View\View->render('/templates/admin_dashboard', [], true)
 5 APPPATH\Controllers\Dashboard.php(11): view('/templates/admin_dashboard')
 6 SYSTEMPATH\CodeIgniter.php(934): App\Controllers\Dashboard->index()
 7 SYSTEMPATH\CodeIgniter.php(499): CodeIgniter\CodeIgniter->runController(Object(App\Controllers\Dashboard))
 8 SYSTEMPATH\CodeIgniter.php(368): CodeIgniter\CodeIgniter->handleRequest(null, Object(Config\Cache), false)
 9 FCPATH\index.php(67): CodeIgniter\CodeIgniter->run()
10 SYSTEMPATH\Commands\Server\rewrite.php(47): require_once('D:\\XAMPP\\htdocs\\sims\\WEBSIMS\\public\\index.php')
CRITICAL - 2024-11-17 05:15:36 --> Undefined variable $judul
in APPPATH\Views\templates\admin_dashboard.php on line 146.
 1 APPPATH\Views\templates\admin_dashboard.php(146): CodeIgniter\Debug\Exceptions->errorHandler(2, 'Undefined variable $judul', 'D:\\XAMPP\\htdocs\\sims\\WEBSIMS\\app\\Views\\templates\\admin_dashboard.php', 146)
 2 SYSTEMPATH\View\View.php(213): include('D:\\XAMPP\\htdocs\\sims\\WEBSIMS\\app\\Views\\templates\\admin_dashboard.php')
 3 SYSTEMPATH\View\View.php(216): CodeIgniter\View\View->CodeIgniter\View\{closure}()
 4 SYSTEMPATH\Common.php(1184): CodeIgniter\View\View->render('/templates/admin_dashboard', [], true)
 5 APPPATH\Controllers\Dashboard.php(11): view('/templates/admin_dashboard')
 6 SYSTEMPATH\CodeIgniter.php(934): App\Controllers\Dashboard->index()
 7 SYSTEMPATH\CodeIgniter.php(499): CodeIgniter\CodeIgniter->runController(Object(App\Controllers\Dashboard))
 8 SYSTEMPATH\CodeIgniter.php(368): CodeIgniter\CodeIgniter->handleRequest(null, Object(Config\Cache), false)
 9 FCPATH\index.php(67): CodeIgniter\CodeIgniter->run()
10 SYSTEMPATH\Commands\Server\rewrite.php(47): require_once('D:\\XAMPP\\htdocs\\sims\\WEBSIMS\\public\\index.php')
CRITICAL - 2024-11-17 05:22:06 --> Invalid file: "admin_dashboard.php"
in SYSTEMPATH\Exceptions\FrameworkException.php on line 33.
 1 SYSTEMPATH\View\View.php(201): CodeIgniter\Exceptions\FrameworkException::forInvalidFile('admin_dashboard.php')
 2 SYSTEMPATH\Common.php(1184): CodeIgniter\View\View->render('admin_dashboard', [], true)
 3 APPPATH\Controllers\Dashboard.php(13): view('admin_dashboard', [...])
 4 SYSTEMPATH\CodeIgniter.php(934): App\Controllers\Dashboard->index()
 5 SYSTEMPATH\CodeIgniter.php(499): CodeIgniter\CodeIgniter->runController(Object(App\Controllers\Dashboard))
 6 SYSTEMPATH\CodeIgniter.php(368): CodeIgniter\CodeIgniter->handleRequest(null, Object(Config\Cache), false)
 7 FCPATH\index.php(67): CodeIgniter\CodeIgniter->run()
 8 SYSTEMPATH\Commands\Server\rewrite.php(47): require_once('D:\\XAMPP\\htdocs\\sims\\WEBSIMS\\public\\index.php')
