CRITICAL - 2024-11-18 06:45:49 --> Invalid file: "admin_dashboard.php"
in SYSTEMPATH\Exceptions\FrameworkException.php on line 33.
 1 SYSTEMPATH\View\View.php(201): CodeIgniter\Exceptions\FrameworkException::forInvalidFile('admin_dashboard.php')
 2 SYSTEMPATH\Common.php(1184): CodeIgniter\View\View->render('admin_dashboard', [], true)
 3 APPPATH\Views\templates\admin_dashboard.php(166): view('admin_dashboard')
 4 SYSTEMPATH\View\View.php(213): include('D:\\XAMPP\\htdocs\\sims\\WEBSIMS\\app\\Views\\templates\\admin_dashboard.php')
 5 SYSTEMPATH\View\View.php(216): CodeIgniter\View\View->CodeIgniter\View\{closure}()
 6 SYSTEMPATH\Common.php(1184): CodeIgniter\View\View->render('/templates/admin_dashboard', [], true)
 7 APPPATH\Controllers\Dashboard.php(13): view('/templates/admin_dashboard', [...])
 8 SYSTEMPATH\CodeIgniter.php(934): App\Controllers\Dashboard->index()
 9 SYSTEMPATH\CodeIgniter.php(499): CodeIgniter\CodeIgniter->runController(Object(App\Controllers\Dashboard))
10 SYSTEMPATH\CodeIgniter.php(368): CodeIgniter\CodeIgniter->handleRequest(null, Object(Config\Cache), false)
11 FCPATH\index.php(67): CodeIgniter\CodeIgniter->run()
12 SYSTEMPATH\Commands\Server\rewrite.php(47): require_once('D:\\XAMPP\\htdocs\\sims\\WEBSIMS\\public\\index.php')
CRITICAL - 2024-11-18 06:50:10 --> Allowed memory size of 536870912 bytes exhausted (tried to allocate 32768 bytes)
in APPPATH\Views\templates\admin_dashboard.php on line 1.
 1 [internal function]: CodeIgniter\Debug\Exceptions->shutdownHandler()
CRITICAL - 2024-11-18 06:50:49 --> Invalid file: "admin_dashboard.php"
in SYSTEMPATH\Exceptions\FrameworkException.php on line 33.
 1 SYSTEMPATH\View\View.php(201): CodeIgniter\Exceptions\FrameworkException::forInvalidFile('admin_dashboard.php')
 2 SYSTEMPATH\Common.php(1184): CodeIgniter\View\View->render('admin_dashboard', [], true)
 3 APPPATH\Views\templates\admin_dashboard.php(166): view('admin_dashboard')
 4 SYSTEMPATH\View\View.php(213): include('D:\\XAMPP\\htdocs\\sims\\WEBSIMS\\app\\Views\\templates\\admin_dashboard.php')
 5 SYSTEMPATH\View\View.php(216): CodeIgniter\View\View->CodeIgniter\View\{closure}()
 6 SYSTEMPATH\Common.php(1184): CodeIgniter\View\View->render('/templates/admin_dashboard', [], true)
 7 APPPATH\Controllers\Dashboard.php(13): view('/templates/admin_dashboard', [...])
 8 SYSTEMPATH\CodeIgniter.php(934): App\Controllers\Dashboard->index()
 9 SYSTEMPATH\CodeIgniter.php(499): CodeIgniter\CodeIgniter->runController(Object(App\Controllers\Dashboard))
10 SYSTEMPATH\CodeIgniter.php(368): CodeIgniter\CodeIgniter->handleRequest(null, Object(Config\Cache), false)
11 FCPATH\index.php(67): CodeIgniter\CodeIgniter->run()
12 SYSTEMPATH\Commands\Server\rewrite.php(47): require_once('D:\\XAMPP\\htdocs\\sims\\WEBSIMS\\public\\index.php')
CRITICAL - 2024-11-18 06:51:27 --> Invalid file: "admin_dashboard.php"
in SYSTEMPATH\Exceptions\FrameworkException.php on line 33.
 1 SYSTEMPATH\View\View.php(201): CodeIgniter\Exceptions\FrameworkException::forInvalidFile('admin_dashboard.php')
 2 SYSTEMPATH\Common.php(1184): CodeIgniter\View\View->render('admin_dashboard', [], true)
 3 APPPATH\Views\templates\admin_dashboard.php(166): view('admin_dashboard')
 4 SYSTEMPATH\View\View.php(213): include('D:\\XAMPP\\htdocs\\sims\\WEBSIMS\\app\\Views\\templates\\admin_dashboard.php')
 5 SYSTEMPATH\View\View.php(216): CodeIgniter\View\View->CodeIgniter\View\{closure}()
 6 SYSTEMPATH\Common.php(1184): CodeIgniter\View\View->render('/templates/admin_dashboard', [], true)
 7 APPPATH\Controllers\Dashboard.php(13): view('/templates/admin_dashboard', [...])
 8 SYSTEMPATH\CodeIgniter.php(934): App\Controllers\Dashboard->index()
 9 SYSTEMPATH\CodeIgniter.php(499): CodeIgniter\CodeIgniter->runController(Object(App\Controllers\Dashboard))
10 SYSTEMPATH\CodeIgniter.php(368): CodeIgniter\CodeIgniter->handleRequest(null, Object(Config\Cache), false)
11 FCPATH\index.php(67): CodeIgniter\CodeIgniter->run()
12 SYSTEMPATH\Commands\Server\rewrite.php(47): require_once('D:\\XAMPP\\htdocs\\sims\\WEBSIMS\\public\\index.php')
CRITICAL - 2024-11-18 06:56:25 --> Invalid file: "admin_dashboard.php"
in SYSTEMPATH\Exceptions\FrameworkException.php on line 33.
 1 SYSTEMPATH\View\View.php(201): CodeIgniter\Exceptions\FrameworkException::forInvalidFile('admin_dashboard.php')
 2 SYSTEMPATH\Common.php(1184): CodeIgniter\View\View->render('admin_dashboard', [], true)
 3 APPPATH\Views\templates\admin_dashboard.php(166): view('admin_dashboard')
 4 SYSTEMPATH\View\View.php(213): include('D:\\XAMPP\\htdocs\\sims\\WEBSIMS\\app\\Views\\templates\\admin_dashboard.php')
 5 SYSTEMPATH\View\View.php(216): CodeIgniter\View\View->CodeIgniter\View\{closure}()
 6 SYSTEMPATH\Common.php(1184): CodeIgniter\View\View->render('/templates/admin_dashboard', [], true)
 7 APPPATH\Controllers\Dashboard.php(13): view('/templates/admin_dashboard', [...])
 8 SYSTEMPATH\CodeIgniter.php(934): App\Controllers\Dashboard->index()
 9 SYSTEMPATH\CodeIgniter.php(499): CodeIgniter\CodeIgniter->runController(Object(App\Controllers\Dashboard))
10 SYSTEMPATH\CodeIgniter.php(368): CodeIgniter\CodeIgniter->handleRequest(null, Object(Config\Cache), false)
11 FCPATH\index.php(67): CodeIgniter\CodeIgniter->run()
12 SYSTEMPATH\Commands\Server\rewrite.php(47): require_once('D:\\XAMPP\\htdocs\\sims\\WEBSIMS\\public\\index.php')
CRITICAL - 2024-11-18 06:58:29 --> Invalid file: "admin_dashboard.php"
in SYSTEMPATH\Exceptions\FrameworkException.php on line 33.
 1 SYSTEMPATH\View\View.php(201): CodeIgniter\Exceptions\FrameworkException::forInvalidFile('admin_dashboard.php')
 2 SYSTEMPATH\Common.php(1184): CodeIgniter\View\View->render('admin_dashboard', [], true)
 3 APPPATH\Views\templates\admin_dashboard.php(166): view('admin_dashboard')
 4 SYSTEMPATH\View\View.php(213): include('D:\\XAMPP\\htdocs\\sims\\WEBSIMS\\app\\Views\\templates\\admin_dashboard.php')
 5 SYSTEMPATH\View\View.php(216): CodeIgniter\View\View->CodeIgniter\View\{closure}()
 6 SYSTEMPATH\Common.php(1184): CodeIgniter\View\View->render('/templates/admin_dashboard', [], true)
 7 APPPATH\Controllers\Dashboard.php(13): view('/templates/admin_dashboard', [...])
 8 SYSTEMPATH\CodeIgniter.php(934): App\Controllers\Dashboard->index()
 9 SYSTEMPATH\CodeIgniter.php(499): CodeIgniter\CodeIgniter->runController(Object(App\Controllers\Dashboard))
10 SYSTEMPATH\CodeIgniter.php(368): CodeIgniter\CodeIgniter->handleRequest(null, Object(Config\Cache), false)
11 FCPATH\index.php(67): CodeIgniter\CodeIgniter->run()
12 SYSTEMPATH\Commands\Server\rewrite.php(47): require_once('D:\\XAMPP\\htdocs\\sims\\WEBSIMS\\public\\index.php')
CRITICAL - 2024-11-18 07:02:57 --> Invalid file: "admin_dashboard.php"
in SYSTEMPATH\Exceptions\FrameworkException.php on line 33.
 1 SYSTEMPATH\View\View.php(201): CodeIgniter\Exceptions\FrameworkException::forInvalidFile('admin_dashboard.php')
 2 SYSTEMPATH\Common.php(1184): CodeIgniter\View\View->render('admin_dashboard', [], true)
 3 APPPATH\Views\templates\admin_dashboard.php(166): view('admin_dashboard')
 4 SYSTEMPATH\View\View.php(213): include('D:\\XAMPP\\htdocs\\sims\\WEBSIMS\\app\\Views\\templates\\admin_dashboard.php')
 5 SYSTEMPATH\View\View.php(216): CodeIgniter\View\View->CodeIgniter\View\{closure}()
 6 SYSTEMPATH\Common.php(1184): CodeIgniter\View\View->render('/templates/admin_dashboard', [], true)
 7 APPPATH\Controllers\Dashboard.php(13): view('/templates/admin_dashboard', [...])
 8 SYSTEMPATH\CodeIgniter.php(934): App\Controllers\Dashboard->index()
 9 SYSTEMPATH\CodeIgniter.php(499): CodeIgniter\CodeIgniter->runController(Object(App\Controllers\Dashboard))
10 SYSTEMPATH\CodeIgniter.php(368): CodeIgniter\CodeIgniter->handleRequest(null, Object(Config\Cache), false)
11 FCPATH\index.php(67): CodeIgniter\CodeIgniter->run()
12 SYSTEMPATH\Commands\Server\rewrite.php(47): require_once('D:\\XAMPP\\htdocs\\sims\\WEBSIMS\\public\\index.php')
CRITICAL - 2024-11-18 07:16:24 --> Invalid file: "dashboard.php"
in SYSTEMPATH\Exceptions\FrameworkException.php on line 33.
 1 SYSTEMPATH\View\View.php(201): CodeIgniter\Exceptions\FrameworkException::forInvalidFile('dashboard.php')
 2 SYSTEMPATH\Common.php(1184): CodeIgniter\View\View->render('dashboard', [], true)
 3 APPPATH\Views\templates\admin_dashboard.php(166): view('dashboard')
 4 SYSTEMPATH\View\View.php(213): include('D:\\XAMPP\\htdocs\\sims\\WEBSIMS\\app\\Views\\templates\\admin_dashboard.php')
 5 SYSTEMPATH\View\View.php(216): CodeIgniter\View\View->CodeIgniter\View\{closure}()
 6 SYSTEMPATH\Common.php(1184): CodeIgniter\View\View->render('/templates/admin_dashboard', [], true)
 7 APPPATH\Controllers\Dashboard.php(13): view('/templates/admin_dashboard', [...])
 8 SYSTEMPATH\CodeIgniter.php(934): App\Controllers\Dashboard->index()
 9 SYSTEMPATH\CodeIgniter.php(499): CodeIgniter\CodeIgniter->runController(Object(App\Controllers\Dashboard))
10 SYSTEMPATH\CodeIgniter.php(368): CodeIgniter\CodeIgniter->handleRequest(null, Object(Config\Cache), false)
11 FCPATH\index.php(67): CodeIgniter\CodeIgniter->run()
12 SYSTEMPATH\Commands\Server\rewrite.php(47): require_once('D:\\XAMPP\\htdocs\\sims\\WEBSIMS\\public\\index.php')
CRITICAL - 2024-11-18 07:16:39 --> Invalid file: "dashboard.php"
in SYSTEMPATH\Exceptions\FrameworkException.php on line 33.
 1 SYSTEMPATH\View\View.php(201): CodeIgniter\Exceptions\FrameworkException::forInvalidFile('dashboard.php')
 2 SYSTEMPATH\Common.php(1184): CodeIgniter\View\View->render('dashboard', [], true)
 3 APPPATH\Views\templates\admin_dashboard.php(166): view('dashboard')
 4 SYSTEMPATH\View\View.php(213): include('D:\\XAMPP\\htdocs\\sims\\WEBSIMS\\app\\Views\\templates\\admin_dashboard.php')
 5 SYSTEMPATH\View\View.php(216): CodeIgniter\View\View->CodeIgniter\View\{closure}()
 6 SYSTEMPATH\Common.php(1184): CodeIgniter\View\View->render('/templates/admin_dashboard', [], true)
 7 APPPATH\Controllers\Dashboard.php(13): view('/templates/admin_dashboard', [...])
 8 SYSTEMPATH\CodeIgniter.php(934): App\Controllers\Dashboard->index()
 9 SYSTEMPATH\CodeIgniter.php(499): CodeIgniter\CodeIgniter->runController(Object(App\Controllers\Dashboard))
10 SYSTEMPATH\CodeIgniter.php(368): CodeIgniter\CodeIgniter->handleRequest(null, Object(Config\Cache), false)
11 FCPATH\index.php(67): CodeIgniter\CodeIgniter->run()
12 SYSTEMPATH\Commands\Server\rewrite.php(47): require_once('D:\\XAMPP\\htdocs\\sims\\WEBSIMS\\public\\index.php')
CRITICAL - 2024-11-18 07:19:41 --> Invalid file: "dashboard.php"
in SYSTEMPATH\Exceptions\FrameworkException.php on line 33.
 1 SYSTEMPATH\View\View.php(201): CodeIgniter\Exceptions\FrameworkException::forInvalidFile('dashboard.php')
 2 SYSTEMPATH\Common.php(1184): CodeIgniter\View\View->render('dashboard', [], true)
 3 APPPATH\Views\templates\admin_dashboard.php(166): view('dashboard')
 4 SYSTEMPATH\View\View.php(213): include('D:\\XAMPP\\htdocs\\sims\\WEBSIMS\\app\\Views\\templates\\admin_dashboard.php')
 5 SYSTEMPATH\View\View.php(216): CodeIgniter\View\View->CodeIgniter\View\{closure}()
 6 SYSTEMPATH\Common.php(1184): CodeIgniter\View\View->render('/templates/admin_dashboard', [], true)
 7 APPPATH\Controllers\Dashboard.php(13): view('/templates/admin_dashboard', [...])
 8 SYSTEMPATH\CodeIgniter.php(934): App\Controllers\Dashboard->index()
 9 SYSTEMPATH\CodeIgniter.php(499): CodeIgniter\CodeIgniter->runController(Object(App\Controllers\Dashboard))
10 SYSTEMPATH\CodeIgniter.php(368): CodeIgniter\CodeIgniter->handleRequest(null, Object(Config\Cache), false)
11 FCPATH\index.php(67): CodeIgniter\CodeIgniter->run()
12 SYSTEMPATH\Commands\Server\rewrite.php(47): require_once('D:\\XAMPP\\htdocs\\sims\\WEBSIMS\\public\\index.php')
CRITICAL - 2024-11-18 11:13:52 --> Undefined variable $menu
in APPPATH\Views\templates\admin_dashboard.php on line 83.
 1 APPPATH\Views\templates\admin_dashboard.php(83): CodeIgniter\Debug\Exceptions->errorHandler(2, 'Undefined variable $menu', 'D:\\XAMPP\\htdocs\\sims\\WEBSIMS\\app\\Views\\templates\\admin_dashboard.php', 83)
 2 SYSTEMPATH\View\View.php(213): include('D:\\XAMPP\\htdocs\\sims\\WEBSIMS\\app\\Views\\templates\\admin_dashboard.php')
 3 SYSTEMPATH\View\View.php(216): CodeIgniter\View\View->CodeIgniter\View\{closure}()
 4 SYSTEMPATH\Common.php(1184): CodeIgniter\View\View->render('templates/admin_dashboard', [], true)
 5 APPPATH\Controllers\User.php(15): view('templates/admin_dashboard', [...])
 6 SYSTEMPATH\CodeIgniter.php(934): App\Controllers\User->index()
 7 SYSTEMPATH\CodeIgniter.php(499): CodeIgniter\CodeIgniter->runController(Object(App\Controllers\User))
 8 SYSTEMPATH\CodeIgniter.php(368): CodeIgniter\CodeIgniter->handleRequest(null, Object(Config\Cache), false)
 9 FCPATH\index.php(67): CodeIgniter\CodeIgniter->run()
10 SYSTEMPATH\Commands\Server\rewrite.php(47): require_once('D:\\XAMPP\\htdocs\\sims\\WEBSIMS\\public\\index.php')
CRITICAL - 2024-11-18 11:17:28 --> Undefined variable $menu
in APPPATH\Views\templates\admin_dashboard.php on line 83.
 1 APPPATH\Views\templates\admin_dashboard.php(83): CodeIgniter\Debug\Exceptions->errorHandler(2, 'Undefined variable $menu', 'D:\\XAMPP\\htdocs\\sims\\WEBSIMS\\app\\Views\\templates\\admin_dashboard.php', 83)
 2 SYSTEMPATH\View\View.php(213): include('D:\\XAMPP\\htdocs\\sims\\WEBSIMS\\app\\Views\\templates\\admin_dashboard.php')
 3 SYSTEMPATH\View\View.php(216): CodeIgniter\View\View->CodeIgniter\View\{closure}()
 4 SYSTEMPATH\Common.php(1184): CodeIgniter\View\View->render('templates/admin_dashboard', [], true)
 5 APPPATH\Controllers\User.php(15): view('templates/admin_dashboard', [...])
 6 SYSTEMPATH\CodeIgniter.php(934): App\Controllers\User->index()
 7 SYSTEMPATH\CodeIgniter.php(499): CodeIgniter\CodeIgniter->runController(Object(App\Controllers\User))
 8 SYSTEMPATH\CodeIgniter.php(368): CodeIgniter\CodeIgniter->handleRequest(null, Object(Config\Cache), false)
 9 FCPATH\index.php(67): CodeIgniter\CodeIgniter->run()
10 SYSTEMPATH\Commands\Server\rewrite.php(47): require_once('D:\\XAMPP\\htdocs\\sims\\WEBSIMS\\public\\index.php')
CRITICAL - 2024-11-18 11:17:56 --> Undefined variable $menu
in APPPATH\Views\templates\admin_dashboard.php on line 83.
 1 APPPATH\Views\templates\admin_dashboard.php(83): CodeIgniter\Debug\Exceptions->errorHandler(2, 'Undefined variable $menu', 'D:\\XAMPP\\htdocs\\sims\\WEBSIMS\\app\\Views\\templates\\admin_dashboard.php', 83)
 2 SYSTEMPATH\View\View.php(213): include('D:\\XAMPP\\htdocs\\sims\\WEBSIMS\\app\\Views\\templates\\admin_dashboard.php')
 3 SYSTEMPATH\View\View.php(216): CodeIgniter\View\View->CodeIgniter\View\{closure}()
 4 SYSTEMPATH\Common.php(1184): CodeIgniter\View\View->render('templates/admin_dashboard', [], true)
 5 APPPATH\Controllers\User.php(15): view('templates/admin_dashboard', [...])
 6 SYSTEMPATH\CodeIgniter.php(934): App\Controllers\User->index()
 7 SYSTEMPATH\CodeIgniter.php(499): CodeIgniter\CodeIgniter->runController(Object(App\Controllers\User))
 8 SYSTEMPATH\CodeIgniter.php(368): CodeIgniter\CodeIgniter->handleRequest(null, Object(Config\Cache), false)
 9 FCPATH\index.php(67): CodeIgniter\CodeIgniter->run()
10 SYSTEMPATH\Commands\Server\rewrite.php(47): require_once('D:\\XAMPP\\htdocs\\sims\\WEBSIMS\\public\\index.php')
CRITICAL - 2024-11-18 11:17:59 --> Undefined variable $menu
in APPPATH\Views\templates\admin_dashboard.php on line 83.
 1 APPPATH\Views\templates\admin_dashboard.php(83): CodeIgniter\Debug\Exceptions->errorHandler(2, 'Undefined variable $menu', 'D:\\XAMPP\\htdocs\\sims\\WEBSIMS\\app\\Views\\templates\\admin_dashboard.php', 83)
 2 SYSTEMPATH\View\View.php(213): include('D:\\XAMPP\\htdocs\\sims\\WEBSIMS\\app\\Views\\templates\\admin_dashboard.php')
 3 SYSTEMPATH\View\View.php(216): CodeIgniter\View\View->CodeIgniter\View\{closure}()
 4 SYSTEMPATH\Common.php(1184): CodeIgniter\View\View->render('templates/admin_dashboard', [], true)
 5 APPPATH\Controllers\User.php(15): view('templates/admin_dashboard', [...])
 6 SYSTEMPATH\CodeIgniter.php(934): App\Controllers\User->index()
 7 SYSTEMPATH\CodeIgniter.php(499): CodeIgniter\CodeIgniter->runController(Object(App\Controllers\User))
 8 SYSTEMPATH\CodeIgniter.php(368): CodeIgniter\CodeIgniter->handleRequest(null, Object(Config\Cache), false)
 9 FCPATH\index.php(67): CodeIgniter\CodeIgniter->run()
10 SYSTEMPATH\Commands\Server\rewrite.php(47): require_once('D:\\XAMPP\\htdocs\\sims\\WEBSIMS\\public\\index.php')
CRITICAL - 2024-11-18 11:18:03 --> Undefined variable $menu
in APPPATH\Views\templates\admin_dashboard.php on line 83.
 1 APPPATH\Views\templates\admin_dashboard.php(83): CodeIgniter\Debug\Exceptions->errorHandler(2, 'Undefined variable $menu', 'D:\\XAMPP\\htdocs\\sims\\WEBSIMS\\app\\Views\\templates\\admin_dashboard.php', 83)
 2 SYSTEMPATH\View\View.php(213): include('D:\\XAMPP\\htdocs\\sims\\WEBSIMS\\app\\Views\\templates\\admin_dashboard.php')
 3 SYSTEMPATH\View\View.php(216): CodeIgniter\View\View->CodeIgniter\View\{closure}()
 4 SYSTEMPATH\Common.php(1184): CodeIgniter\View\View->render('templates/admin_dashboard', [], true)
 5 APPPATH\Controllers\User.php(15): view('templates/admin_dashboard', [...])
 6 SYSTEMPATH\CodeIgniter.php(934): App\Controllers\User->index()
 7 SYSTEMPATH\CodeIgniter.php(499): CodeIgniter\CodeIgniter->runController(Object(App\Controllers\User))
 8 SYSTEMPATH\CodeIgniter.php(368): CodeIgniter\CodeIgniter->handleRequest(null, Object(Config\Cache), false)
 9 FCPATH\index.php(67): CodeIgniter\CodeIgniter->run()
10 SYSTEMPATH\Commands\Server\rewrite.php(47): require_once('D:\\XAMPP\\htdocs\\sims\\WEBSIMS\\public\\index.php')
CRITICAL - 2024-11-18 11:18:17 --> Undefined variable $menu
in APPPATH\Views\templates\admin_dashboard.php on line 83.
 1 APPPATH\Views\templates\admin_dashboard.php(83): CodeIgniter\Debug\Exceptions->errorHandler(2, 'Undefined variable $menu', 'D:\\XAMPP\\htdocs\\sims\\WEBSIMS\\app\\Views\\templates\\admin_dashboard.php', 83)
 2 SYSTEMPATH\View\View.php(213): include('D:\\XAMPP\\htdocs\\sims\\WEBSIMS\\app\\Views\\templates\\admin_dashboard.php')
 3 SYSTEMPATH\View\View.php(216): CodeIgniter\View\View->CodeIgniter\View\{closure}()
 4 SYSTEMPATH\Common.php(1184): CodeIgniter\View\View->render('templates/admin_dashboard', [], true)
 5 APPPATH\Controllers\User.php(15): view('templates/admin_dashboard', [...])
 6 SYSTEMPATH\CodeIgniter.php(934): App\Controllers\User->index()
 7 SYSTEMPATH\CodeIgniter.php(499): CodeIgniter\CodeIgniter->runController(Object(App\Controllers\User))
 8 SYSTEMPATH\CodeIgniter.php(368): CodeIgniter\CodeIgniter->handleRequest(null, Object(Config\Cache), false)
 9 FCPATH\index.php(67): CodeIgniter\CodeIgniter->run()
10 SYSTEMPATH\Commands\Server\rewrite.php(47): require_once('D:\\XAMPP\\htdocs\\sims\\WEBSIMS\\public\\index.php')
CRITICAL - 2024-11-18 11:21:01 --> Undefined variable $menu
in APPPATH\Views\templates\admin_dashboard.php on line 83.
 1 APPPATH\Views\templates\admin_dashboard.php(83): CodeIgniter\Debug\Exceptions->errorHandler(2, 'Undefined variable $menu', 'D:\\XAMPP\\htdocs\\sims\\WEBSIMS\\app\\Views\\templates\\admin_dashboard.php', 83)
 2 SYSTEMPATH\View\View.php(213): include('D:\\XAMPP\\htdocs\\sims\\WEBSIMS\\app\\Views\\templates\\admin_dashboard.php')
 3 SYSTEMPATH\View\View.php(216): CodeIgniter\View\View->CodeIgniter\View\{closure}()
 4 SYSTEMPATH\Common.php(1184): CodeIgniter\View\View->render('templates/admin_dashboard', [], true)
 5 APPPATH\Controllers\User.php(15): view('templates/admin_dashboard', [...])
 6 SYSTEMPATH\CodeIgniter.php(934): App\Controllers\User->index()
 7 SYSTEMPATH\CodeIgniter.php(499): CodeIgniter\CodeIgniter->runController(Object(App\Controllers\User))
 8 SYSTEMPATH\CodeIgniter.php(368): CodeIgniter\CodeIgniter->handleRequest(null, Object(Config\Cache), false)
 9 FCPATH\index.php(67): CodeIgniter\CodeIgniter->run()
10 SYSTEMPATH\Commands\Server\rewrite.php(47): require_once('D:\\XAMPP\\htdocs\\sims\\WEBSIMS\\public\\index.php')
CRITICAL - 2024-11-18 11:21:27 --> Undefined variable $menu
in APPPATH\Views\templates\admin_dashboard.php on line 83.
 1 APPPATH\Views\templates\admin_dashboard.php(83): CodeIgniter\Debug\Exceptions->errorHandler(2, 'Undefined variable $menu', 'D:\\XAMPP\\htdocs\\sims\\WEBSIMS\\app\\Views\\templates\\admin_dashboard.php', 83)
 2 SYSTEMPATH\View\View.php(213): include('D:\\XAMPP\\htdocs\\sims\\WEBSIMS\\app\\Views\\templates\\admin_dashboard.php')
 3 SYSTEMPATH\View\View.php(216): CodeIgniter\View\View->CodeIgniter\View\{closure}()
 4 SYSTEMPATH\Common.php(1184): CodeIgniter\View\View->render('templates/admin_dashboard', [], true)
 5 APPPATH\Controllers\User.php(15): view('templates/admin_dashboard', [...])
 6 SYSTEMPATH\CodeIgniter.php(934): App\Controllers\User->index()
 7 SYSTEMPATH\CodeIgniter.php(499): CodeIgniter\CodeIgniter->runController(Object(App\Controllers\User))
 8 SYSTEMPATH\CodeIgniter.php(368): CodeIgniter\CodeIgniter->handleRequest(null, Object(Config\Cache), false)
 9 FCPATH\index.php(67): CodeIgniter\CodeIgniter->run()
10 SYSTEMPATH\Commands\Server\rewrite.php(47): require_once('D:\\XAMPP\\htdocs\\sims\\WEBSIMS\\public\\index.php')
CRITICAL - 2024-11-18 11:37:09 --> Invalid file: "frontend_dashboard.php"
in SYSTEMPATH\Exceptions\FrameworkException.php on line 33.
 1 SYSTEMPATH\View\View.php(201): CodeIgniter\Exceptions\FrameworkException::forInvalidFile('frontend_dashboard.php')
 2 SYSTEMPATH\Common.php(1184): CodeIgniter\View\View->render('frontend_dashboard', [], true)
 3 APPPATH\Views\templates\admin_dashboard.php(166): view('frontend_dashboard')
 4 SYSTEMPATH\View\View.php(213): include('D:\\XAMPP\\htdocs\\sims\\WEBSIMS\\app\\Views\\templates\\admin_dashboard.php')
 5 SYSTEMPATH\View\View.php(216): CodeIgniter\View\View->CodeIgniter\View\{closure}()
 6 SYSTEMPATH\Common.php(1184): CodeIgniter\View\View->render('/templates/admin_dashboard', [], true)
 7 APPPATH\Controllers\Dashboard.php(15): view('/templates/admin_dashboard', [...])
 8 SYSTEMPATH\CodeIgniter.php(934): App\Controllers\Dashboard->index()
 9 SYSTEMPATH\CodeIgniter.php(499): CodeIgniter\CodeIgniter->runController(Object(App\Controllers\Dashboard))
10 SYSTEMPATH\CodeIgniter.php(368): CodeIgniter\CodeIgniter->handleRequest(null, Object(Config\Cache), false)
11 FCPATH\index.php(67): CodeIgniter\CodeIgniter->run()
12 SYSTEMPATH\Commands\Server\rewrite.php(47): require_once('D:\\XAMPP\\htdocs\\sims\\WEBSIMS\\public\\index.php')
CRITICAL - 2024-11-18 11:51:24 --> Undefined variable $judul
in APPPATH\Views\templates\admin_dashboard.php on line 146.
 1 APPPATH\Views\templates\admin_dashboard.php(146): CodeIgniter\Debug\Exceptions->errorHandler(2, 'Undefined variable $judul', 'D:\\XAMPP\\htdocs\\sims\\WEBSIMS\\app\\Views\\templates\\admin_dashboard.php', 146)
 2 SYSTEMPATH\View\View.php(213): include('D:\\XAMPP\\htdocs\\sims\\WEBSIMS\\app\\Views\\templates\\admin_dashboard.php')
 3 SYSTEMPATH\View\View.php(216): CodeIgniter\View\View->CodeIgniter\View\{closure}()
 4 SYSTEMPATH\Common.php(1184): CodeIgniter\View\View->render('/templates/admin_dashboard', [], true)
 5 APPPATH\Controllers\Payment.php(30): view('/templates/admin_dashboard', [...])
 6 SYSTEMPATH\CodeIgniter.php(934): App\Controllers\Payment->index()
 7 SYSTEMPATH\CodeIgniter.php(499): CodeIgniter\CodeIgniter->runController(Object(App\Controllers\Payment))
 8 SYSTEMPATH\CodeIgniter.php(368): CodeIgniter\CodeIgniter->handleRequest(null, Object(Config\Cache), false)
 9 FCPATH\index.php(67): CodeIgniter\CodeIgniter->run()
10 SYSTEMPATH\Commands\Server\rewrite.php(47): require_once('D:\\XAMPP\\htdocs\\sims\\WEBSIMS\\public\\index.php')
CRITICAL - 2024-11-18 11:54:14 --> Invalid file: "frontend_form_payment .php"
in SYSTEMPATH\Exceptions\FrameworkException.php on line 33.
 1 SYSTEMPATH\View\View.php(201): CodeIgniter\Exceptions\FrameworkException::forInvalidFile('frontend_form_payment .php')
 2 SYSTEMPATH\Common.php(1184): CodeIgniter\View\View->render('frontend_form_payment ', [], true)
 3 APPPATH\Controllers\Payment.php(32): view('frontend_form_payment ', [...])
 4 SYSTEMPATH\CodeIgniter.php(934): App\Controllers\Payment->index()
 5 SYSTEMPATH\CodeIgniter.php(499): CodeIgniter\CodeIgniter->runController(Object(App\Controllers\Payment))
 6 SYSTEMPATH\CodeIgniter.php(368): CodeIgniter\CodeIgniter->handleRequest(null, Object(Config\Cache), false)
 7 FCPATH\index.php(67): CodeIgniter\CodeIgniter->run()
 8 SYSTEMPATH\Commands\Server\rewrite.php(47): require_once('D:\\XAMPP\\htdocs\\sims\\WEBSIMS\\public\\index.php')
CRITICAL - 2024-11-18 11:54:23 --> Invalid file: "frontend_form_payment .php"
in SYSTEMPATH\Exceptions\FrameworkException.php on line 33.
 1 SYSTEMPATH\View\View.php(201): CodeIgniter\Exceptions\FrameworkException::forInvalidFile('frontend_form_payment .php')
 2 SYSTEMPATH\Common.php(1184): CodeIgniter\View\View->render('frontend_form_payment ', [], true)
 3 APPPATH\Controllers\Payment.php(32): view('frontend_form_payment ', [...])
 4 SYSTEMPATH\CodeIgniter.php(934): App\Controllers\Payment->index()
 5 SYSTEMPATH\CodeIgniter.php(499): CodeIgniter\CodeIgniter->runController(Object(App\Controllers\Payment))
 6 SYSTEMPATH\CodeIgniter.php(368): CodeIgniter\CodeIgniter->handleRequest(null, Object(Config\Cache), false)
 7 FCPATH\index.php(67): CodeIgniter\CodeIgniter->run()
 8 SYSTEMPATH\Commands\Server\rewrite.php(47): require_once('D:\\XAMPP\\htdocs\\sims\\WEBSIMS\\public\\index.php')
CRITICAL - 2024-11-18 11:55:35 --> Invalid file: "frontend_form_payment .php"
in SYSTEMPATH\Exceptions\FrameworkException.php on line 33.
 1 SYSTEMPATH\View\View.php(201): CodeIgniter\Exceptions\FrameworkException::forInvalidFile('frontend_form_payment .php')
 2 SYSTEMPATH\Common.php(1184): CodeIgniter\View\View->render('frontend_form_payment ', [], true)
 3 APPPATH\Controllers\Payment.php(32): view('frontend_form_payment ', [...])
 4 SYSTEMPATH\CodeIgniter.php(934): App\Controllers\Payment->index()
 5 SYSTEMPATH\CodeIgniter.php(499): CodeIgniter\CodeIgniter->runController(Object(App\Controllers\Payment))
 6 SYSTEMPATH\CodeIgniter.php(368): CodeIgniter\CodeIgniter->handleRequest(null, Object(Config\Cache), false)
 7 FCPATH\index.php(67): CodeIgniter\CodeIgniter->run()
 8 SYSTEMPATH\Commands\Server\rewrite.php(47): require_once('D:\\XAMPP\\htdocs\\sims\\WEBSIMS\\public\\index.php')
CRITICAL - 2024-11-18 11:55:38 --> Invalid file: "frontend_form_payment .php"
in SYSTEMPATH\Exceptions\FrameworkException.php on line 33.
 1 SYSTEMPATH\View\View.php(201): CodeIgniter\Exceptions\FrameworkException::forInvalidFile('frontend_form_payment .php')
 2 SYSTEMPATH\Common.php(1184): CodeIgniter\View\View->render('frontend_form_payment ', [], true)
 3 APPPATH\Controllers\Payment.php(32): view('frontend_form_payment ', [...])
 4 SYSTEMPATH\CodeIgniter.php(934): App\Controllers\Payment->index()
 5 SYSTEMPATH\CodeIgniter.php(499): CodeIgniter\CodeIgniter->runController(Object(App\Controllers\Payment))
 6 SYSTEMPATH\CodeIgniter.php(368): CodeIgniter\CodeIgniter->handleRequest(null, Object(Config\Cache), false)
 7 FCPATH\index.php(67): CodeIgniter\CodeIgniter->run()
 8 SYSTEMPATH\Commands\Server\rewrite.php(47): require_once('D:\\XAMPP\\htdocs\\sims\\WEBSIMS\\public\\index.php')
CRITICAL - 2024-11-18 11:55:42 --> Invalid file: "frontend_form_payment .php"
in SYSTEMPATH\Exceptions\FrameworkException.php on line 33.
 1 SYSTEMPATH\View\View.php(201): CodeIgniter\Exceptions\FrameworkException::forInvalidFile('frontend_form_payment .php')
 2 SYSTEMPATH\Common.php(1184): CodeIgniter\View\View->render('frontend_form_payment ', [], true)
 3 APPPATH\Controllers\Payment.php(32): view('frontend_form_payment ', [...])
 4 SYSTEMPATH\CodeIgniter.php(934): App\Controllers\Payment->index()
 5 SYSTEMPATH\CodeIgniter.php(499): CodeIgniter\CodeIgniter->runController(Object(App\Controllers\Payment))
 6 SYSTEMPATH\CodeIgniter.php(368): CodeIgniter\CodeIgniter->handleRequest(null, Object(Config\Cache), false)
 7 FCPATH\index.php(67): CodeIgniter\CodeIgniter->run()
 8 SYSTEMPATH\Commands\Server\rewrite.php(47): require_once('D:\\XAMPP\\htdocs\\sims\\WEBSIMS\\public\\index.php')
CRITICAL - 2024-11-18 11:57:27 --> Invalid file: "frontend_form_frontend.php"
in SYSTEMPATH\Exceptions\FrameworkException.php on line 33.
 1 SYSTEMPATH\View\View.php(201): CodeIgniter\Exceptions\FrameworkException::forInvalidFile('frontend_form_frontend.php')
 2 SYSTEMPATH\Common.php(1184): CodeIgniter\View\View->render('frontend_form_frontend', [], true)
 3 APPPATH\Views\templates\admin_dashboard.php(166): view('frontend_form_frontend')
 4 SYSTEMPATH\View\View.php(213): include('D:\\XAMPP\\htdocs\\sims\\WEBSIMS\\app\\Views\\templates\\admin_dashboard.php')
 5 SYSTEMPATH\View\View.php(216): CodeIgniter\View\View->CodeIgniter\View\{closure}()
 6 SYSTEMPATH\Common.php(1184): CodeIgniter\View\View->render('/templates/admin_dashboard', [], true)
 7 APPPATH\Controllers\Payment.php(32): view('/templates/admin_dashboard', [...])
 8 SYSTEMPATH\CodeIgniter.php(934): App\Controllers\Payment->index()
 9 SYSTEMPATH\CodeIgniter.php(499): CodeIgniter\CodeIgniter->runController(Object(App\Controllers\Payment))
10 SYSTEMPATH\CodeIgniter.php(368): CodeIgniter\CodeIgniter->handleRequest(null, Object(Config\Cache), false)
11 FCPATH\index.php(67): CodeIgniter\CodeIgniter->run()
12 SYSTEMPATH\Commands\Server\rewrite.php(47): require_once('D:\\XAMPP\\htdocs\\sims\\WEBSIMS\\public\\index.php')
CRITICAL - 2024-11-18 11:57:34 --> Invalid file: "frontend_form_frontend.php"
in SYSTEMPATH\Exceptions\FrameworkException.php on line 33.
 1 SYSTEMPATH\View\View.php(201): CodeIgniter\Exceptions\FrameworkException::forInvalidFile('frontend_form_frontend.php')
 2 SYSTEMPATH\Common.php(1184): CodeIgniter\View\View->render('frontend_form_frontend', [], true)
 3 APPPATH\Views\templates\admin_dashboard.php(166): view('frontend_form_frontend')
 4 SYSTEMPATH\View\View.php(213): include('D:\\XAMPP\\htdocs\\sims\\WEBSIMS\\app\\Views\\templates\\admin_dashboard.php')
 5 SYSTEMPATH\View\View.php(216): CodeIgniter\View\View->CodeIgniter\View\{closure}()
 6 SYSTEMPATH\Common.php(1184): CodeIgniter\View\View->render('/templates/admin_dashboard', [], true)
 7 APPPATH\Controllers\Payment.php(32): view('/templates/admin_dashboard', [...])
 8 SYSTEMPATH\CodeIgniter.php(934): App\Controllers\Payment->index()
 9 SYSTEMPATH\CodeIgniter.php(499): CodeIgniter\CodeIgniter->runController(Object(App\Controllers\Payment))
10 SYSTEMPATH\CodeIgniter.php(368): CodeIgniter\CodeIgniter->handleRequest(null, Object(Config\Cache), false)
11 FCPATH\index.php(67): CodeIgniter\CodeIgniter->run()
12 SYSTEMPATH\Commands\Server\rewrite.php(47): require_once('D:\\XAMPP\\htdocs\\sims\\WEBSIMS\\public\\index.php')
