CRITICAL - 2024-08-27 03:18:18 --> View themes, no current section.
in SYSTEMPATH\View\View.php on line 394.
 1 APPPATH\Views\frontend_service_item.php(3): CodeIgniter\View\View->endSection()
 2 SYSTEMPATH\View\View.php(213): include('D:\\FINAL SIMS\\SIMSWEB\\app\\Views\\frontend_service_item.php')
 3 SYSTEMPATH\View\View.php(216): CodeIgniter\View\View->CodeIgniter\View\{closure}()
 4 SYSTEMPATH\Common.php(1184): CodeIgniter\View\View->render('frontend_service_item', [], true)
 5 APPPATH\Controllers\Service.php(20): view('frontend_service_item', [...])
 6 SYSTEMPATH\CodeIgniter.php(934): App\Controllers\Service->service_item()
 7 SYSTEMPATH\CodeIgniter.php(499): CodeIgniter\CodeIgniter->runController(Object(App\Controllers\Service))
 8 SYSTEMPATH\CodeIgniter.php(368): CodeIgniter\CodeIgniter->handleRequest(null, Object(Config\Cache), false)
 9 FCPATH\index.php(67): CodeIgniter\CodeIgniter->run()
10 SYSTEMPATH\Commands\Server\rewrite.php(47): require_once('D:\\FINAL SIMS\\SIMSWEB\\public\\index.php')
CRITICAL - 2024-08-27 06:57:10 --> View themes, no current section.
in SYSTEMPATH\View\View.php on line 394.
 1 APPPATH\Views\frontend_service_item.php(26): CodeIgniter\View\View->endSection()
 2 SYSTEMPATH\View\View.php(213): include('D:\\FINAL SIMS\\SIMSWEB\\app\\Views\\frontend_service_item.php')
 3 SYSTEMPATH\View\View.php(216): CodeIgniter\View\View->CodeIgniter\View\{closure}()
 4 SYSTEMPATH\Common.php(1184): CodeIgniter\View\View->render('frontend_service_item', [], true)
 5 APPPATH\Controllers\Service.php(20): view('frontend_service_item', [...])
 6 SYSTEMPATH\CodeIgniter.php(934): App\Controllers\Service->service_item()
 7 SYSTEMPATH\CodeIgniter.php(499): CodeIgniter\CodeIgniter->runController(Object(App\Controllers\Service))
 8 SYSTEMPATH\CodeIgniter.php(368): CodeIgniter\CodeIgniter->handleRequest(null, Object(Config\Cache), false)
 9 FCPATH\index.php(67): CodeIgniter\CodeIgniter->run()
10 SYSTEMPATH\Commands\Server\rewrite.php(47): require_once('D:\\FINAL SIMS\\SIMSWEB\\public\\index.php')
CRITICAL - 2024-08-27 07:01:27 --> View themes, no current section.
in SYSTEMPATH\View\View.php on line 394.
 1 APPPATH\Views\frontend_service_item.php(57): CodeIgniter\View\View->endSection()
 2 SYSTEMPATH\View\View.php(213): include('D:\\FINAL SIMS\\SIMSWEB\\app\\Views\\frontend_service_item.php')
 3 SYSTEMPATH\View\View.php(216): CodeIgniter\View\View->CodeIgniter\View\{closure}()
 4 SYSTEMPATH\Common.php(1184): CodeIgniter\View\View->render('frontend_service_item', [], true)
 5 APPPATH\Controllers\Service.php(20): view('frontend_service_item', [...])
 6 SYSTEMPATH\CodeIgniter.php(934): App\Controllers\Service->service_item()
 7 SYSTEMPATH\CodeIgniter.php(499): CodeIgniter\CodeIgniter->runController(Object(App\Controllers\Service))
 8 SYSTEMPATH\CodeIgniter.php(368): CodeIgniter\CodeIgniter->handleRequest(null, Object(Config\Cache), false)
 9 FCPATH\index.php(67): CodeIgniter\CodeIgniter->run()
10 SYSTEMPATH\Commands\Server\rewrite.php(47): require_once('D:\\FINAL SIMS\\SIMSWEB\\public\\index.php')
CRITICAL - 2024-08-27 07:01:40 --> View themes, no current section.
in SYSTEMPATH\View\View.php on line 394.
 1 APPPATH\Views\frontend_service_item.php(57): CodeIgniter\View\View->endSection()
 2 SYSTEMPATH\View\View.php(213): include('D:\\FINAL SIMS\\SIMSWEB\\app\\Views\\frontend_service_item.php')
 3 SYSTEMPATH\View\View.php(216): CodeIgniter\View\View->CodeIgniter\View\{closure}()
 4 SYSTEMPATH\Common.php(1184): CodeIgniter\View\View->render('frontend_service_item', [], true)
 5 APPPATH\Controllers\Service.php(20): view('frontend_service_item', [...])
 6 SYSTEMPATH\CodeIgniter.php(934): App\Controllers\Service->service_item()
 7 SYSTEMPATH\CodeIgniter.php(499): CodeIgniter\CodeIgniter->runController(Object(App\Controllers\Service))
 8 SYSTEMPATH\CodeIgniter.php(368): CodeIgniter\CodeIgniter->handleRequest(null, Object(Config\Cache), false)
 9 FCPATH\index.php(67): CodeIgniter\CodeIgniter->run()
10 SYSTEMPATH\Commands\Server\rewrite.php(47): require_once('D:\\FINAL SIMS\\SIMSWEB\\public\\index.php')
CRITICAL - 2024-08-27 07:01:40 --> View themes, no current section.
in SYSTEMPATH\View\View.php on line 394.
 1 APPPATH\Views\frontend_service_item.php(57): CodeIgniter\View\View->endSection()
 2 SYSTEMPATH\View\View.php(213): include('D:\\FINAL SIMS\\SIMSWEB\\app\\Views\\frontend_service_item.php')
 3 SYSTEMPATH\View\View.php(216): CodeIgniter\View\View->CodeIgniter\View\{closure}()
 4 SYSTEMPATH\Common.php(1184): CodeIgniter\View\View->render('frontend_service_item', [], true)
 5 APPPATH\Controllers\Service.php(20): view('frontend_service_item', [...])
 6 SYSTEMPATH\CodeIgniter.php(934): App\Controllers\Service->service_item()
 7 SYSTEMPATH\CodeIgniter.php(499): CodeIgniter\CodeIgniter->runController(Object(App\Controllers\Service))
 8 SYSTEMPATH\CodeIgniter.php(368): CodeIgniter\CodeIgniter->handleRequest(null, Object(Config\Cache), false)
 9 FCPATH\index.php(67): CodeIgniter\CodeIgniter->run()
10 SYSTEMPATH\Commands\Server\rewrite.php(47): require_once('D:\\FINAL SIMS\\SIMSWEB\\public\\index.php')
CRITICAL - 2024-08-27 07:01:41 --> View themes, no current section.
in SYSTEMPATH\View\View.php on line 394.
 1 APPPATH\Views\frontend_service_item.php(57): CodeIgniter\View\View->endSection()
 2 SYSTEMPATH\View\View.php(213): include('D:\\FINAL SIMS\\SIMSWEB\\app\\Views\\frontend_service_item.php')
 3 SYSTEMPATH\View\View.php(216): CodeIgniter\View\View->CodeIgniter\View\{closure}()
 4 SYSTEMPATH\Common.php(1184): CodeIgniter\View\View->render('frontend_service_item', [], true)
 5 APPPATH\Controllers\Service.php(20): view('frontend_service_item', [...])
 6 SYSTEMPATH\CodeIgniter.php(934): App\Controllers\Service->service_item()
 7 SYSTEMPATH\CodeIgniter.php(499): CodeIgniter\CodeIgniter->runController(Object(App\Controllers\Service))
 8 SYSTEMPATH\CodeIgniter.php(368): CodeIgniter\CodeIgniter->handleRequest(null, Object(Config\Cache), false)
 9 FCPATH\index.php(67): CodeIgniter\CodeIgniter->run()
10 SYSTEMPATH\Commands\Server\rewrite.php(47): require_once('D:\\FINAL SIMS\\SIMSWEB\\public\\index.php')
CRITICAL - 2024-08-27 07:05:33 --> View themes, no current section.
in SYSTEMPATH\View\View.php on line 394.
 1 APPPATH\Views\frontend_service_item.php(38): CodeIgniter\View\View->endSection()
 2 SYSTEMPATH\View\View.php(213): include('D:\\FINAL SIMS\\SIMSWEB\\app\\Views\\frontend_service_item.php')
 3 SYSTEMPATH\View\View.php(216): CodeIgniter\View\View->CodeIgniter\View\{closure}()
 4 SYSTEMPATH\Common.php(1184): CodeIgniter\View\View->render('frontend_service_item', [], true)
 5 APPPATH\Controllers\Service.php(20): view('frontend_service_item', [...])
 6 SYSTEMPATH\CodeIgniter.php(934): App\Controllers\Service->service_item()
 7 SYSTEMPATH\CodeIgniter.php(499): CodeIgniter\CodeIgniter->runController(Object(App\Controllers\Service))
 8 SYSTEMPATH\CodeIgniter.php(368): CodeIgniter\CodeIgniter->handleRequest(null, Object(Config\Cache), false)
 9 FCPATH\index.php(67): CodeIgniter\CodeIgniter->run()
10 SYSTEMPATH\Commands\Server\rewrite.php(47): require_once('D:\\FINAL SIMS\\SIMSWEB\\public\\index.php')
CRITICAL - 2024-08-27 07:06:09 --> View themes, no current section.
in SYSTEMPATH\View\View.php on line 394.
 1 APPPATH\Views\frontend_service_item.php(38): CodeIgniter\View\View->endSection()
 2 SYSTEMPATH\View\View.php(213): include('D:\\FINAL SIMS\\SIMSWEB\\app\\Views\\frontend_service_item.php')
 3 SYSTEMPATH\View\View.php(216): CodeIgniter\View\View->CodeIgniter\View\{closure}()
 4 SYSTEMPATH\Common.php(1184): CodeIgniter\View\View->render('frontend_service_item', [], true)
 5 APPPATH\Controllers\Service.php(20): view('frontend_service_item', [...])
 6 SYSTEMPATH\CodeIgniter.php(934): App\Controllers\Service->service_item()
 7 SYSTEMPATH\CodeIgniter.php(499): CodeIgniter\CodeIgniter->runController(Object(App\Controllers\Service))
 8 SYSTEMPATH\CodeIgniter.php(368): CodeIgniter\CodeIgniter->handleRequest(null, Object(Config\Cache), false)
 9 FCPATH\index.php(67): CodeIgniter\CodeIgniter->run()
10 SYSTEMPATH\Commands\Server\rewrite.php(47): require_once('D:\\FINAL SIMS\\SIMSWEB\\public\\index.php')
CRITICAL - 2024-08-27 07:06:20 --> View themes, no current section.
in SYSTEMPATH\View\View.php on line 394.
 1 APPPATH\Views\frontend_service_item.php(38): CodeIgniter\View\View->endSection()
 2 SYSTEMPATH\View\View.php(213): include('D:\\FINAL SIMS\\SIMSWEB\\app\\Views\\frontend_service_item.php')
 3 SYSTEMPATH\View\View.php(216): CodeIgniter\View\View->CodeIgniter\View\{closure}()
 4 SYSTEMPATH\Common.php(1184): CodeIgniter\View\View->render('frontend_service_item', [], true)
 5 APPPATH\Controllers\Service.php(20): view('frontend_service_item', [...])
 6 SYSTEMPATH\CodeIgniter.php(934): App\Controllers\Service->service_item()
 7 SYSTEMPATH\CodeIgniter.php(499): CodeIgniter\CodeIgniter->runController(Object(App\Controllers\Service))
 8 SYSTEMPATH\CodeIgniter.php(368): CodeIgniter\CodeIgniter->handleRequest(null, Object(Config\Cache), false)
 9 FCPATH\index.php(67): CodeIgniter\CodeIgniter->run()
10 SYSTEMPATH\Commands\Server\rewrite.php(47): require_once('D:\\FINAL SIMS\\SIMSWEB\\public\\index.php')
CRITICAL - 2024-08-27 07:06:45 --> View themes, no current section.
in SYSTEMPATH\View\View.php on line 394.
 1 APPPATH\Views\frontend_service_item.php(38): CodeIgniter\View\View->endSection()
 2 SYSTEMPATH\View\View.php(213): include('D:\\FINAL SIMS\\SIMSWEB\\app\\Views\\frontend_service_item.php')
 3 SYSTEMPATH\View\View.php(216): CodeIgniter\View\View->CodeIgniter\View\{closure}()
 4 SYSTEMPATH\Common.php(1184): CodeIgniter\View\View->render('frontend_service_item', [], true)
 5 APPPATH\Controllers\Service.php(20): view('frontend_service_item', [...])
 6 SYSTEMPATH\CodeIgniter.php(934): App\Controllers\Service->service_item()
 7 SYSTEMPATH\CodeIgniter.php(499): CodeIgniter\CodeIgniter->runController(Object(App\Controllers\Service))
 8 SYSTEMPATH\CodeIgniter.php(368): CodeIgniter\CodeIgniter->handleRequest(null, Object(Config\Cache), false)
 9 FCPATH\index.php(67): CodeIgniter\CodeIgniter->run()
10 SYSTEMPATH\Commands\Server\rewrite.php(47): require_once('D:\\FINAL SIMS\\SIMSWEB\\public\\index.php')
CRITICAL - 2024-08-27 07:07:51 --> View themes, no current section.
in SYSTEMPATH\View\View.php on line 394.
 1 APPPATH\Views\frontend_service_item.php(66): CodeIgniter\View\View->endSection()
 2 SYSTEMPATH\View\View.php(213): include('D:\\FINAL SIMS\\SIMSWEB\\app\\Views\\frontend_service_item.php')
 3 SYSTEMPATH\View\View.php(216): CodeIgniter\View\View->CodeIgniter\View\{closure}()
 4 SYSTEMPATH\Common.php(1184): CodeIgniter\View\View->render('frontend_service_item', [], true)
 5 APPPATH\Controllers\Service.php(20): view('frontend_service_item', [...])
 6 SYSTEMPATH\CodeIgniter.php(934): App\Controllers\Service->service_item()
 7 SYSTEMPATH\CodeIgniter.php(499): CodeIgniter\CodeIgniter->runController(Object(App\Controllers\Service))
 8 SYSTEMPATH\CodeIgniter.php(368): CodeIgniter\CodeIgniter->handleRequest(null, Object(Config\Cache), false)
 9 FCPATH\index.php(67): CodeIgniter\CodeIgniter->run()
10 SYSTEMPATH\Commands\Server\rewrite.php(47): require_once('D:\\FINAL SIMS\\SIMSWEB\\public\\index.php')
