CRITICAL - 2024-09-29 13:39:23 --> Invalid file: "layout/navbar.php"
in SYSTEMPATH\Exceptions\FrameworkException.php on line 33.
 1 SYSTEMPATH\View\View.php(201): CodeIgniter\Exceptions\FrameworkException::forInvalidFile('layout/navbar.php')
 2 SYSTEMPATH\View\View.php(431): CodeIgniter\View\View->render('layout/navbar', null, true)
 3 APPPATH\Views\frontend_contact_us.php(39): CodeIgniter\View\View->include('layout/navbar')
 4 SYSTEMPATH\View\View.php(213): include('D:\\XAMPP\\htdocs\\websims\\SIMSWEB\\app\\Views\\frontend_contact_us.php')
 5 SYSTEMPATH\View\View.php(216): CodeIgniter\View\View->CodeIgniter\View\{closure}()
 6 SYSTEMPATH\Common.php(1184): CodeIgniter\View\View->render('frontend_contact_us', [], true)
 7 APPPATH\Controllers\ContactUs.php(12): view('frontend_contact_us', [...])
 8 SYSTEMPATH\CodeIgniter.php(934): App\Controllers\ContactUs->contact_us()
 9 SYSTEMPATH\CodeIgniter.php(499): CodeIgniter\CodeIgniter->runController(Object(App\Controllers\ContactUs))
10 SYSTEMPATH\CodeIgniter.php(368): CodeIgniter\CodeIgniter->handleRequest(null, Object(Config\Cache), false)
11 FCPATH\index.php(67): CodeIgniter\CodeIgniter->run()
12 SYSTEMPATH\Commands\Server\rewrite.php(47): require_once('D:\\XAMPP\\htdocs\\websims\\SIMSWEB\\public\\index.php')
CRITICAL - 2024-09-29 13:40:02 --> Invalid file: "layout/navbar.php"
in SYSTEMPATH\Exceptions\FrameworkException.php on line 33.
 1 SYSTEMPATH\View\View.php(201): CodeIgniter\Exceptions\FrameworkException::forInvalidFile('layout/navbar.php')
 2 SYSTEMPATH\View\View.php(431): CodeIgniter\View\View->render('layout/navbar', null, true)
 3 APPPATH\Views\frontend_contact_us.php(39): CodeIgniter\View\View->include('layout/navbar')
 4 SYSTEMPATH\View\View.php(213): include('D:\\XAMPP\\htdocs\\websims\\SIMSWEB\\app\\Views\\frontend_contact_us.php')
 5 SYSTEMPATH\View\View.php(216): CodeIgniter\View\View->CodeIgniter\View\{closure}()
 6 SYSTEMPATH\Common.php(1184): CodeIgniter\View\View->render('frontend_contact_us', [], true)
 7 APPPATH\Controllers\ContactUs.php(12): view('frontend_contact_us', [...])
 8 SYSTEMPATH\CodeIgniter.php(934): App\Controllers\ContactUs->contact_us()
 9 SYSTEMPATH\CodeIgniter.php(499): CodeIgniter\CodeIgniter->runController(Object(App\Controllers\ContactUs))
10 SYSTEMPATH\CodeIgniter.php(368): CodeIgniter\CodeIgniter->handleRequest(null, Object(Config\Cache), false)
11 FCPATH\index.php(67): CodeIgniter\CodeIgniter->run()
12 SYSTEMPATH\Commands\Server\rewrite.php(47): require_once('D:\\XAMPP\\htdocs\\websims\\SIMSWEB\\public\\index.php')
CRITICAL - 2024-09-29 13:40:13 --> Invalid file: "layout.php"
in SYSTEMPATH\Exceptions\FrameworkException.php on line 33.
 1 SYSTEMPATH\View\View.php(201): CodeIgniter\Exceptions\FrameworkException::forInvalidFile('layout.php')
 2 SYSTEMPATH\View\View.php(431): CodeIgniter\View\View->render('layout', null, true)
 3 APPPATH\Views\frontend_contact_us.php(39): CodeIgniter\View\View->include('layout')
 4 SYSTEMPATH\View\View.php(213): include('D:\\XAMPP\\htdocs\\websims\\SIMSWEB\\app\\Views\\frontend_contact_us.php')
 5 SYSTEMPATH\View\View.php(216): CodeIgniter\View\View->CodeIgniter\View\{closure}()
 6 SYSTEMPATH\Common.php(1184): CodeIgniter\View\View->render('frontend_contact_us', [], true)
 7 APPPATH\Controllers\ContactUs.php(12): view('frontend_contact_us', [...])
 8 SYSTEMPATH\CodeIgniter.php(934): App\Controllers\ContactUs->contact_us()
 9 SYSTEMPATH\CodeIgniter.php(499): CodeIgniter\CodeIgniter->runController(Object(App\Controllers\ContactUs))
10 SYSTEMPATH\CodeIgniter.php(368): CodeIgniter\CodeIgniter->handleRequest(null, Object(Config\Cache), false)
11 FCPATH\index.php(67): CodeIgniter\CodeIgniter->run()
12 SYSTEMPATH\Commands\Server\rewrite.php(47): require_once('D:\\XAMPP\\htdocs\\websims\\SIMSWEB\\public\\index.php')
