ERROR - 2024-11-12 03:05:05 --> Error connecting to the database: mysqli_sql_exception: No connection could be made because the target machine actively refused it in D:\xampp\htdocs\SIMSWEB\system\Database\MySQLi\Connection.php:173
Stack trace:
#0 D:\xampp\htdocs\SIMSWEB\system\Database\MySQLi\Connection.php(173): mysqli->real_connect('localhost', 'root', Object(SensitiveParameterValue), 'sims', 3306, '', 0)
#1 D:\xampp\htdocs\SIMSWEB\system\Database\BaseConnection.php(391): CodeIgniter\Database\MySQLi\Connection->connect(false)
#2 D:\xampp\htdocs\SIMSWEB\system\Database\BaseConnection.php(573): CodeIgniter\Database\BaseConnection->initialize()
#3 D:\xampp\htdocs\SIMSWEB\system\Database\BaseBuilder.php(1616): CodeIgniter\Database\BaseConnection->query('SELECT *\nFROM `...', Array, false)
#4 D:\xampp\htdocs\SIMSWEB\app\Models\M_Form.php(9): CodeIgniter\Database\BaseBuilder->get()
#5 D:\xampp\htdocs\SIMSWEB\app\Controllers\Payment.php(17): App\Models\M_Form->AllProvinsi()
#6 D:\xampp\htdocs\SIMSWEB\system\CodeIgniter.php(934): App\Controllers\Payment->index()
#7 D:\xampp\htdocs\SIMSWEB\system\CodeIgniter.php(499): CodeIgniter\CodeIgniter->runController(Object(App\Controllers\Payment))
#8 D:\xampp\htdocs\SIMSWEB\system\CodeIgniter.php(368): CodeIgniter\CodeIgniter->handleRequest(NULL, Object(Config\Cache), false)
#9 D:\xampp\htdocs\SIMSWEB\public\index.php(67): CodeIgniter\CodeIgniter->run()
#10 D:\xampp\htdocs\SIMSWEB\system\Commands\Server\rewrite.php(47): require_once('D:\\xampp\\htdocs...')
#11 {main}

Next CodeIgniter\Database\Exceptions\DatabaseException: No connection could be made because the target machine actively refused it in D:\xampp\htdocs\SIMSWEB\system\Database\MySQLi\Connection.php:218
Stack trace:
#0 D:\xampp\htdocs\SIMSWEB\system\Database\BaseConnection.php(391): CodeIgniter\Database\MySQLi\Connection->connect(false)
#1 D:\xampp\htdocs\SIMSWEB\system\Database\BaseConnection.php(573): CodeIgniter\Database\BaseConnection->initialize()
#2 D:\xampp\htdocs\SIMSWEB\system\Database\BaseBuilder.php(1616): CodeIgniter\Database\BaseConnection->query('SELECT *\nFROM `...', Array, false)
#3 D:\xampp\htdocs\SIMSWEB\app\Models\M_Form.php(9): CodeIgniter\Database\BaseBuilder->get()
#4 D:\xampp\htdocs\SIMSWEB\app\Controllers\Payment.php(17): App\Models\M_Form->AllProvinsi()
#5 D:\xampp\htdocs\SIMSWEB\system\CodeIgniter.php(934): App\Controllers\Payment->index()
#6 D:\xampp\htdocs\SIMSWEB\system\CodeIgniter.php(499): CodeIgniter\CodeIgniter->runController(Object(App\Controllers\Payment))
#7 D:\xampp\htdocs\SIMSWEB\system\CodeIgniter.php(368): CodeIgniter\CodeIgniter->handleRequest(NULL, Object(Config\Cache), false)
#8 D:\xampp\htdocs\SIMSWEB\public\index.php(67): CodeIgniter\CodeIgniter->run()
#9 D:\xampp\htdocs\SIMSWEB\system\Commands\Server\rewrite.php(47): require_once('D:\\xampp\\htdocs...')
#10 {main}
CRITICAL - 2024-11-12 03:05:05 --> Unable to connect to the database.
Main connection [MySQLi]: No connection could be made because the target machine actively refused it
in SYSTEMPATH\Database\BaseConnection.php on line 427.
 1 SYSTEMPATH\Database\BaseConnection.php(573): CodeIgniter\Database\BaseConnection->initialize()
 2 SYSTEMPATH\Database\BaseBuilder.php(1616): CodeIgniter\Database\BaseConnection->query('SELECT *
FROM `tbl_provinsi`', [], false)
 3 APPPATH\Models\M_Form.php(9): CodeIgniter\Database\BaseBuilder->get()
 4 APPPATH\Controllers\Payment.php(17): App\Models\M_Form->AllProvinsi()
 5 SYSTEMPATH\CodeIgniter.php(934): App\Controllers\Payment->index()
 6 SYSTEMPATH\CodeIgniter.php(499): CodeIgniter\CodeIgniter->runController(Object(App\Controllers\Payment))
 7 SYSTEMPATH\CodeIgniter.php(368): CodeIgniter\CodeIgniter->handleRequest(null, Object(Config\Cache), false)
 8 FCPATH\index.php(67): CodeIgniter\CodeIgniter->run()
 9 SYSTEMPATH\Commands\Server\rewrite.php(47): require_once('D:\\xampp\\htdocs\\SIMSWEB\\public\\index.php')
INFO - 2024-11-12 03:07:05 --> Session: Class initialized using 'CodeIgniter\Session\Handlers\FileHandler' driver.
CRITICAL - 2024-11-12 03:07:05 --> Undefined array key "role"
in APPPATH\Controllers\User.php on line 50.
 1 APPPATH\Controllers\User.php(50): CodeIgniter\Debug\Exceptions->errorHandler(2, 'Undefined array key "role"', 'D:\\xampp\\htdocs\\SIMSWEB\\app\\Controllers\\User.php', 50)
 2 SYSTEMPATH\CodeIgniter.php(934): App\Controllers\User->loginProcess()
 3 SYSTEMPATH\CodeIgniter.php(499): CodeIgniter\CodeIgniter->runController(Object(App\Controllers\User))
 4 SYSTEMPATH\CodeIgniter.php(368): CodeIgniter\CodeIgniter->handleRequest(null, Object(Config\Cache), false)
 5 FCPATH\index.php(67): CodeIgniter\CodeIgniter->run()
 6 SYSTEMPATH\Commands\Server\rewrite.php(47): require_once('D:\\xampp\\htdocs\\SIMSWEB\\public\\index.php')
INFO - 2024-11-12 03:30:13 --> Session: Class initialized using 'CodeIgniter\Session\Handlers\FileHandler' driver.
INFO - 2024-11-12 03:30:34 --> Session: Class initialized using 'CodeIgniter\Session\Handlers\FileHandler' driver.
