INFO - 2024-11-30 06:28:05 --> Session: Class initialized using 'CodeIgniter\Session\Handlers\FileHandler' driver.
INFO - 2024-11-30 06:28:45 --> Session: Class initialized using 'CodeIgniter\Session\Handlers\FileHandler' driver.
INFO - 2024-11-30 06:29:11 --> Session: Class initialized using 'CodeIgniter\Session\Handlers\FileHandler' driver.
ERROR - 2024-11-30 06:37:53 --> Error connecting to the database: mysqli_sql_exception: No connection could be made because the target machine actively refused it in D:\xampp\htdocs\SIMSWEB\system\Database\MySQLi\Connection.php:173
Stack trace:
#0 D:\xampp\htdocs\SIMSWEB\system\Database\MySQLi\Connection.php(173): mysqli->real_connect('localhost', 'root', Object(SensitiveParameterValue), 'sims', 3306, '', 0)
#1 D:\xampp\htdocs\SIMSWEB\system\Database\BaseConnection.php(391): CodeIgniter\Database\MySQLi\Connection->connect(false)
#2 D:\xampp\htdocs\SIMSWEB\system\Database\BaseConnection.php(573): CodeIgniter\Database\BaseConnection->initialize()
#3 D:\xampp\htdocs\SIMSWEB\system\Database\BaseBuilder.php(2309): CodeIgniter\Database\BaseConnection->query('INSERT INTO `pe...', Array, false)
#4 D:\xampp\htdocs\SIMSWEB\system\Model.php(330): CodeIgniter\Database\BaseBuilder->insert()
#5 D:\xampp\htdocs\SIMSWEB\system\BaseModel.php(782): CodeIgniter\Model->doInsert(Array)
#6 D:\xampp\htdocs\SIMSWEB\system\Model.php(730): CodeIgniter\BaseModel->insert(Array, false)
#7 D:\xampp\htdocs\SIMSWEB\system\BaseModel.php(692): CodeIgniter\Model->insert(Array, false)
#8 D:\xampp\htdocs\SIMSWEB\app\Controllers\PendaftaranAnggota.php(49): CodeIgniter\BaseModel->save(Array)
#9 D:\xampp\htdocs\SIMSWEB\system\CodeIgniter.php(934): App\Controllers\PendaftaranAnggota->kirim()
#10 D:\xampp\htdocs\SIMSWEB\system\CodeIgniter.php(499): CodeIgniter\CodeIgniter->runController(Object(App\Controllers\PendaftaranAnggota))
#11 D:\xampp\htdocs\SIMSWEB\system\CodeIgniter.php(368): CodeIgniter\CodeIgniter->handleRequest(NULL, Object(Config\Cache), false)
#12 D:\xampp\htdocs\SIMSWEB\public\index.php(67): CodeIgniter\CodeIgniter->run()
#13 D:\xampp\htdocs\SIMSWEB\system\Commands\Server\rewrite.php(47): require_once('D:\\xampp\\htdocs...')
#14 {main}

Next CodeIgniter\Database\Exceptions\DatabaseException: No connection could be made because the target machine actively refused it in D:\xampp\htdocs\SIMSWEB\system\Database\MySQLi\Connection.php:218
Stack trace:
#0 D:\xampp\htdocs\SIMSWEB\system\Database\BaseConnection.php(391): CodeIgniter\Database\MySQLi\Connection->connect(false)
#1 D:\xampp\htdocs\SIMSWEB\system\Database\BaseConnection.php(573): CodeIgniter\Database\BaseConnection->initialize()
#2 D:\xampp\htdocs\SIMSWEB\system\Database\BaseBuilder.php(2309): CodeIgniter\Database\BaseConnection->query('INSERT INTO `pe...', Array, false)
#3 D:\xampp\htdocs\SIMSWEB\system\Model.php(330): CodeIgniter\Database\BaseBuilder->insert()
#4 D:\xampp\htdocs\SIMSWEB\system\BaseModel.php(782): CodeIgniter\Model->doInsert(Array)
#5 D:\xampp\htdocs\SIMSWEB\system\Model.php(730): CodeIgniter\BaseModel->insert(Array, false)
#6 D:\xampp\htdocs\SIMSWEB\system\BaseModel.php(692): CodeIgniter\Model->insert(Array, false)
#7 D:\xampp\htdocs\SIMSWEB\app\Controllers\PendaftaranAnggota.php(49): CodeIgniter\BaseModel->save(Array)
#8 D:\xampp\htdocs\SIMSWEB\system\CodeIgniter.php(934): App\Controllers\PendaftaranAnggota->kirim()
#9 D:\xampp\htdocs\SIMSWEB\system\CodeIgniter.php(499): CodeIgniter\CodeIgniter->runController(Object(App\Controllers\PendaftaranAnggota))
#10 D:\xampp\htdocs\SIMSWEB\system\CodeIgniter.php(368): CodeIgniter\CodeIgniter->handleRequest(NULL, Object(Config\Cache), false)
#11 D:\xampp\htdocs\SIMSWEB\public\index.php(67): CodeIgniter\CodeIgniter->run()
#12 D:\xampp\htdocs\SIMSWEB\system\Commands\Server\rewrite.php(47): require_once('D:\\xampp\\htdocs...')
#13 {main}
CRITICAL - 2024-11-30 06:37:53 --> Unable to connect to the database.
Main connection [MySQLi]: No connection could be made because the target machine actively refused it
in SYSTEMPATH\Database\BaseConnection.php on line 427.
 1 SYSTEMPATH\Database\BaseConnection.php(573): CodeIgniter\Database\BaseConnection->initialize()
 2 SYSTEMPATH\Database\BaseBuilder.php(2309): CodeIgniter\Database\BaseConnection->query('INSERT INTO `pendaftaran_anggota` (`nama_lengkap`, `email`, `nomor_hp`, `domisili`, `perusahaan`, `jabatan`, `alamat_perusahaan`, `id_type`, `nomor_id`, `gender`) VALUES (:nama_lengkap:, :email:, :nomor_hp:, :domisili:, :perusahaan:, :jabatan:, :alamat_perusahaan:, :id_type:, :nomor_id:, :gender:)', [...], false)
 3 SYSTEMPATH\Model.php(330): CodeIgniter\Database\BaseBuilder->insert()
 4 SYSTEMPATH\BaseModel.php(782): CodeIgniter\Model->doInsert([...])
 5 SYSTEMPATH\Model.php(730): CodeIgniter\BaseModel->insert([...], false)
 6 SYSTEMPATH\BaseModel.php(692): CodeIgniter\Model->insert([...], false)
 7 APPPATH\Controllers\PendaftaranAnggota.php(49): CodeIgniter\BaseModel->save([...])
 8 SYSTEMPATH\CodeIgniter.php(934): App\Controllers\PendaftaranAnggota->kirim()
 9 SYSTEMPATH\CodeIgniter.php(499): CodeIgniter\CodeIgniter->runController(Object(App\Controllers\PendaftaranAnggota))
10 SYSTEMPATH\CodeIgniter.php(368): CodeIgniter\CodeIgniter->handleRequest(null, Object(Config\Cache), false)
11 FCPATH\index.php(67): CodeIgniter\CodeIgniter->run()
12 SYSTEMPATH\Commands\Server\rewrite.php(47): require_once('D:\\xampp\\htdocs\\SIMSWEB\\public\\index.php')
