CRITICAL - 2024-09-06 05:00:37 --> View themes, no current section.
in SYSTEMPATH\View\View.php on line 394.
 1 APPPATH\Views\frontend_blog item.php(5): CodeIgniter\View\View->endSection()
 2 SYSTEMPATH\View\View.php(213): include('D:\\XAMPP\\htdocs\\websims\\SIMSWEB\\app\\Views\\frontend_blog item.php')
 3 SYSTEMPATH\View\View.php(216): CodeIgniter\View\View->CodeIgniter\View\{closure}()
 4 SYSTEMPATH\Common.php(1184): CodeIgniter\View\View->render('frontend_blog item', [], true)
 5 APPPATH\Controllers\Blog.php(12): view('frontend_blog item', [...])
 6 SYSTEMPATH\CodeIgniter.php(934): App\Controllers\Blog->blog_item()
 7 SYSTEMPATH\CodeIgniter.php(499): CodeIgniter\CodeIgniter->runController(Object(App\Controllers\Blog))
 8 SYSTEMPATH\CodeIgniter.php(368): CodeIgniter\CodeIgniter->handleRequest(null, Object(Config\Cache), false)
 9 FCPATH\index.php(67): CodeIgniter\CodeIgniter->run()
10 SYSTEMPATH\Commands\Server\rewrite.php(47): require_once('D:\\XAMPP\\htdocs\\websims\\SIMSWEB\\public\\index.php')
CRITICAL - 2024-09-06 05:01:51 --> View themes, no current section.
in SYSTEMPATH\View\View.php on line 394.
 1 APPPATH\Views\frontend_blog item.php(5): CodeIgniter\View\View->endSection()
 2 SYSTEMPATH\View\View.php(213): include('D:\\XAMPP\\htdocs\\websims\\SIMSWEB\\app\\Views\\frontend_blog item.php')
 3 SYSTEMPATH\View\View.php(216): CodeIgniter\View\View->CodeIgniter\View\{closure}()
 4 SYSTEMPATH\Common.php(1184): CodeIgniter\View\View->render('frontend_blog item', [], true)
 5 APPPATH\Controllers\Blog.php(12): view('frontend_blog item', [...])
 6 SYSTEMPATH\CodeIgniter.php(934): App\Controllers\Blog->blog_item()
 7 SYSTEMPATH\CodeIgniter.php(499): CodeIgniter\CodeIgniter->runController(Object(App\Controllers\Blog))
 8 SYSTEMPATH\CodeIgniter.php(368): CodeIgniter\CodeIgniter->handleRequest(null, Object(Config\Cache), false)
 9 FCPATH\index.php(67): CodeIgniter\CodeIgniter->run()
10 SYSTEMPATH\Commands\Server\rewrite.php(47): require_once('D:\\XAMPP\\htdocs\\websims\\SIMSWEB\\public\\index.php')
CRITICAL - 2024-09-06 05:01:53 --> View themes, no current section.
in SYSTEMPATH\View\View.php on line 394.
 1 APPPATH\Views\frontend_blog item.php(5): CodeIgniter\View\View->endSection()
 2 SYSTEMPATH\View\View.php(213): include('D:\\XAMPP\\htdocs\\websims\\SIMSWEB\\app\\Views\\frontend_blog item.php')
 3 SYSTEMPATH\View\View.php(216): CodeIgniter\View\View->CodeIgniter\View\{closure}()
 4 SYSTEMPATH\Common.php(1184): CodeIgniter\View\View->render('frontend_blog item', [], true)
 5 APPPATH\Controllers\Blog.php(12): view('frontend_blog item', [...])
 6 SYSTEMPATH\CodeIgniter.php(934): App\Controllers\Blog->blog_item()
 7 SYSTEMPATH\CodeIgniter.php(499): CodeIgniter\CodeIgniter->runController(Object(App\Controllers\Blog))
 8 SYSTEMPATH\CodeIgniter.php(368): CodeIgniter\CodeIgniter->handleRequest(null, Object(Config\Cache), false)
 9 FCPATH\index.php(67): CodeIgniter\CodeIgniter->run()
10 SYSTEMPATH\Commands\Server\rewrite.php(47): require_once('D:\\XAMPP\\htdocs\\websims\\SIMSWEB\\public\\index.php')
