CRITICAL - 2024-11-05 14:08:38 --> Unclosed '{' on line 33
in APPPATH\Views\frontend_form_payment.php on line 99.
 1 SYSTEMPATH\View\View.php(216): CodeIgniter\View\View->CodeIgniter\View\{closure}()
 2 SYSTEMPATH\Common.php(1184): CodeIgniter\View\View->render('frontend_form_payment', [], true)
 3 APPPATH\Controllers\Payment.php(16): view('frontend_form_payment')
 4 SYSTEMPATH\CodeIgniter.php(934): App\Controllers\Payment->index()
 5 SYSTEMPATH\CodeIgniter.php(499): CodeIgniter\CodeIgniter->runController(Object(App\Controllers\Payment))
 6 SYSTEMPATH\CodeIgniter.php(368): CodeIgniter\CodeIgniter->handleRequest(null, Object(Config\Cache), false)
 7 FCPATH\index.php(67): CodeIgniter\CodeIgniter->run()
 8 SYSTEMPATH\Commands\Server\rewrite.php(47): require_once('D:\\XAMPP\\htdocs\\sims\\WEBSIMS\\public\\index.php')
CRITICAL - 2024-11-05 14:17:07 --> Unclosed '{' on line 33
in APPPATH\Views\frontend_form_payment.php on line 100.
 1 SYSTEMPATH\View\View.php(216): CodeIgniter\View\View->CodeIgniter\View\{closure}()
 2 SYSTEMPATH\Common.php(1184): CodeIgniter\View\View->render('frontend_form_payment', [], true)
 3 APPPATH\Controllers\Payment.php(16): view('frontend_form_payment')
 4 SYSTEMPATH\CodeIgniter.php(934): App\Controllers\Payment->index()
 5 SYSTEMPATH\CodeIgniter.php(499): CodeIgniter\CodeIgniter->runController(Object(App\Controllers\Payment))
 6 SYSTEMPATH\CodeIgniter.php(368): CodeIgniter\CodeIgniter->handleRequest(null, Object(Config\Cache), false)
 7 FCPATH\index.php(67): CodeIgniter\CodeIgniter->run()
 8 SYSTEMPATH\Commands\Server\rewrite.php(47): require_once('D:\\XAMPP\\htdocs\\sims\\WEBSIMS\\public\\index.php')
CRITICAL - 2024-11-05 14:17:45 --> Undefined variable $provinsi
in APPPATH\Views\frontend_form_payment.php on line 33.
 1 APPPATH\Views\frontend_form_payment.php(33): CodeIgniter\Debug\Exceptions->errorHandler(2, 'Undefined variable $provinsi', 'D:\\XAMPP\\htdocs\\sims\\WEBSIMS\\app\\Views\\frontend_form_payment.php', 33)
 2 SYSTEMPATH\View\View.php(213): include('D:\\XAMPP\\htdocs\\sims\\WEBSIMS\\app\\Views\\frontend_form_payment.php')
 3 SYSTEMPATH\View\View.php(216): CodeIgniter\View\View->CodeIgniter\View\{closure}()
 4 SYSTEMPATH\Common.php(1184): CodeIgniter\View\View->render('frontend_form_payment', [], true)
 5 APPPATH\Controllers\Payment.php(16): view('frontend_form_payment')
 6 SYSTEMPATH\CodeIgniter.php(934): App\Controllers\Payment->index()
 7 SYSTEMPATH\CodeIgniter.php(499): CodeIgniter\CodeIgniter->runController(Object(App\Controllers\Payment))
 8 SYSTEMPATH\CodeIgniter.php(368): CodeIgniter\CodeIgniter->handleRequest(null, Object(Config\Cache), false)
 9 FCPATH\index.php(67): CodeIgniter\CodeIgniter->run()
10 SYSTEMPATH\Commands\Server\rewrite.php(47): require_once('D:\\XAMPP\\htdocs\\sims\\WEBSIMS\\public\\index.php')
CRITICAL - 2024-11-05 14:19:59 --> Undefined variable $provinsi
in APPPATH\Views\frontend_form_payment.php on line 33.
 1 APPPATH\Views\frontend_form_payment.php(33): CodeIgniter\Debug\Exceptions->errorHandler(2, 'Undefined variable $provinsi', 'D:\\XAMPP\\htdocs\\sims\\WEBSIMS\\app\\Views\\frontend_form_payment.php', 33)
 2 SYSTEMPATH\View\View.php(213): include('D:\\XAMPP\\htdocs\\sims\\WEBSIMS\\app\\Views\\frontend_form_payment.php')
 3 SYSTEMPATH\View\View.php(216): CodeIgniter\View\View->CodeIgniter\View\{closure}()
 4 SYSTEMPATH\Common.php(1184): CodeIgniter\View\View->render('frontend_form_payment', [], true)
 5 APPPATH\Controllers\Payment.php(16): view('frontend_form_payment')
 6 SYSTEMPATH\CodeIgniter.php(934): App\Controllers\Payment->index()
 7 SYSTEMPATH\CodeIgniter.php(499): CodeIgniter\CodeIgniter->runController(Object(App\Controllers\Payment))
 8 SYSTEMPATH\CodeIgniter.php(368): CodeIgniter\CodeIgniter->handleRequest(null, Object(Config\Cache), false)
 9 FCPATH\index.php(67): CodeIgniter\CodeIgniter->run()
10 SYSTEMPATH\Commands\Server\rewrite.php(47): require_once('D:\\XAMPP\\htdocs\\sims\\WEBSIMS\\public\\index.php')
CRITICAL - 2024-11-05 14:23:45 --> Undefined variable $validation
in APPPATH\Views\frontend_form_payment.php on line 37.
 1 APPPATH\Views\frontend_form_payment.php(37): CodeIgniter\Debug\Exceptions->errorHandler(2, 'Undefined variable $validation', 'D:\\XAMPP\\htdocs\\sims\\WEBSIMS\\app\\Views\\frontend_form_payment.php', 37)
 2 SYSTEMPATH\View\View.php(213): include('D:\\XAMPP\\htdocs\\sims\\WEBSIMS\\app\\Views\\frontend_form_payment.php')
 3 SYSTEMPATH\View\View.php(216): CodeIgniter\View\View->CodeIgniter\View\{closure}()
 4 SYSTEMPATH\Common.php(1184): CodeIgniter\View\View->render('frontend_form_payment', [], true)
 5 APPPATH\Controllers\Payment.php(19): view('frontend_form_payment', [...])
 6 SYSTEMPATH\CodeIgniter.php(934): App\Controllers\Payment->index()
 7 SYSTEMPATH\CodeIgniter.php(499): CodeIgniter\CodeIgniter->runController(Object(App\Controllers\Payment))
 8 SYSTEMPATH\CodeIgniter.php(368): CodeIgniter\CodeIgniter->handleRequest(null, Object(Config\Cache), false)
 9 FCPATH\index.php(67): CodeIgniter\CodeIgniter->run()
10 SYSTEMPATH\Commands\Server\rewrite.php(47): require_once('D:\\XAMPP\\htdocs\\sims\\WEBSIMS\\public\\index.php')
CRITICAL - 2024-11-05 14:24:20 --> You must set the database table to be used with your query.
in SYSTEMPATH\Database\BaseConnection.php on line 882.
 1 SYSTEMPATH\Model.php(642): CodeIgniter\Database\BaseConnection->table(null)
 2 SYSTEMPATH\Model.php(832): CodeIgniter\Model->builder()
 3 APPPATH\Controllers\Payment.php(17): CodeIgniter\Model->__call('getProvinsi', [])
 4 SYSTEMPATH\CodeIgniter.php(934): App\Controllers\Payment->index()
 5 SYSTEMPATH\CodeIgniter.php(499): CodeIgniter\CodeIgniter->runController(Object(App\Controllers\Payment))
 6 SYSTEMPATH\CodeIgniter.php(368): CodeIgniter\CodeIgniter->handleRequest(null, Object(Config\Cache), false)
 7 FCPATH\index.php(67): CodeIgniter\CodeIgniter->run()
 8 SYSTEMPATH\Commands\Server\rewrite.php(47): require_once('D:\\XAMPP\\htdocs\\sims\\WEBSIMS\\public\\index.php')
CRITICAL - 2024-11-05 14:24:33 --> Undefined variable $validation
in APPPATH\Views\frontend_form_payment.php on line 37.
 1 APPPATH\Views\frontend_form_payment.php(37): CodeIgniter\Debug\Exceptions->errorHandler(2, 'Undefined variable $validation', 'D:\\XAMPP\\htdocs\\sims\\WEBSIMS\\app\\Views\\frontend_form_payment.php', 37)
 2 SYSTEMPATH\View\View.php(213): include('D:\\XAMPP\\htdocs\\sims\\WEBSIMS\\app\\Views\\frontend_form_payment.php')
 3 SYSTEMPATH\View\View.php(216): CodeIgniter\View\View->CodeIgniter\View\{closure}()
 4 SYSTEMPATH\Common.php(1184): CodeIgniter\View\View->render('frontend_form_payment', [], true)
 5 APPPATH\Controllers\Payment.php(19): view('frontend_form_payment', [...])
 6 SYSTEMPATH\CodeIgniter.php(934): App\Controllers\Payment->index()
 7 SYSTEMPATH\CodeIgniter.php(499): CodeIgniter\CodeIgniter->runController(Object(App\Controllers\Payment))
 8 SYSTEMPATH\CodeIgniter.php(368): CodeIgniter\CodeIgniter->handleRequest(null, Object(Config\Cache), false)
 9 FCPATH\index.php(67): CodeIgniter\CodeIgniter->run()
10 SYSTEMPATH\Commands\Server\rewrite.php(47): require_once('D:\\XAMPP\\htdocs\\sims\\WEBSIMS\\public\\index.php')
