CRITICAL - 2024-11-08 07:44:28 --> Undefined property: App\Controllers\User::$M_User
in APPPATH\Controllers\User.php on line 32.
 1 APPPATH\Controllers\User.php(32): CodeIgniter\Debug\Exceptions->errorHandler(2, 'Undefined property: App\\Controllers\\User::$M_User', 'D:\\xampp\\htdocs\\SIMSWEB\\app\\Controllers\\User.php', 32)
 2 SYSTEMPATH\CodeIgniter.php(934): App\Controllers\User->regis()
 3 SYSTEMPATH\CodeIgniter.php(499): CodeIgniter\CodeIgniter->runController(Object(App\Controllers\User))
 4 SYSTEMPATH\CodeIgniter.php(368): CodeIgniter\CodeIgniter->handleRequest(null, Object(Config\Cache), false)
 5 FCPATH\index.php(67): CodeIgniter\CodeIgniter->run()
 6 SYSTEMPATH\Commands\Server\rewrite.php(47): require_once('D:\\xampp\\htdocs\\SIMSWEB\\public\\index.php')
CRITICAL - 2024-11-08 08:24:07 --> Cannot redeclare App\Controllers\User::login()
in APPPATH\Controllers\User.php on line 40.
 1 [internal function]: CodeIgniter\Debug\Exceptions->shutdownHandler()
CRITICAL - 2024-11-08 08:24:21 --> Cannot redeclare App\Controllers\User::login()
in APPPATH\Controllers\User.php on line 40.
 1 [internal function]: CodeIgniter\Debug\Exceptions->shutdownHandler()
CRITICAL - 2024-11-08 09:32:41 --> Undefined array key "id_kabupaten"
in APPPATH\Views\frontend_form_payment.php on line 47.
 1 APPPATH\Views\frontend_form_payment.php(47): CodeIgniter\Debug\Exceptions->errorHandler(2, 'Undefined array key "id_kabupaten"', 'D:\\xampp\\htdocs\\SIMSWEB\\app\\Views\\frontend_form_payment.php', 47)
 2 SYSTEMPATH\View\View.php(213): include('D:\\xampp\\htdocs\\SIMSWEB\\app\\Views\\frontend_form_payment.php')
 3 SYSTEMPATH\View\View.php(216): CodeIgniter\View\View->CodeIgniter\View\{closure}()
 4 SYSTEMPATH\Common.php(1184): CodeIgniter\View\View->render('frontend_form_payment', [], true)
 5 APPPATH\Controllers\Payment.php(20): view('frontend_form_payment', [...])
 6 SYSTEMPATH\CodeIgniter.php(934): App\Controllers\Payment->index()
 7 SYSTEMPATH\CodeIgniter.php(499): CodeIgniter\CodeIgniter->runController(Object(App\Controllers\Payment))
 8 SYSTEMPATH\CodeIgniter.php(368): CodeIgniter\CodeIgniter->handleRequest(null, Object(Config\Cache), false)
 9 FCPATH\index.php(67): CodeIgniter\CodeIgniter->run()
10 SYSTEMPATH\Commands\Server\rewrite.php(47): require_once('D:\\xampp\\htdocs\\SIMSWEB\\public\\index.php')
CRITICAL - 2024-11-08 09:33:17 --> Undefined array key "id_kabupaten"
in APPPATH\Views\frontend_form_payment.php on line 47.
 1 APPPATH\Views\frontend_form_payment.php(47): CodeIgniter\Debug\Exceptions->errorHandler(2, 'Undefined array key "id_kabupaten"', 'D:\\xampp\\htdocs\\SIMSWEB\\app\\Views\\frontend_form_payment.php', 47)
 2 SYSTEMPATH\View\View.php(213): include('D:\\xampp\\htdocs\\SIMSWEB\\app\\Views\\frontend_form_payment.php')
 3 SYSTEMPATH\View\View.php(216): CodeIgniter\View\View->CodeIgniter\View\{closure}()
 4 SYSTEMPATH\Common.php(1184): CodeIgniter\View\View->render('frontend_form_payment', [], true)
 5 APPPATH\Controllers\Payment.php(20): view('frontend_form_payment', [...])
 6 SYSTEMPATH\CodeIgniter.php(934): App\Controllers\Payment->index()
 7 SYSTEMPATH\CodeIgniter.php(499): CodeIgniter\CodeIgniter->runController(Object(App\Controllers\Payment))
 8 SYSTEMPATH\CodeIgniter.php(368): CodeIgniter\CodeIgniter->handleRequest(null, Object(Config\Cache), false)
 9 FCPATH\index.php(67): CodeIgniter\CodeIgniter->run()
10 SYSTEMPATH\Commands\Server\rewrite.php(47): require_once('D:\\xampp\\htdocs\\SIMSWEB\\public\\index.php')
CRITICAL - 2024-11-08 09:33:25 --> Undefined array key "id_kabupaten"
in APPPATH\Views\frontend_form_payment.php on line 47.
 1 APPPATH\Views\frontend_form_payment.php(47): CodeIgniter\Debug\Exceptions->errorHandler(2, 'Undefined array key "id_kabupaten"', 'D:\\xampp\\htdocs\\SIMSWEB\\app\\Views\\frontend_form_payment.php', 47)
 2 SYSTEMPATH\View\View.php(213): include('D:\\xampp\\htdocs\\SIMSWEB\\app\\Views\\frontend_form_payment.php')
 3 SYSTEMPATH\View\View.php(216): CodeIgniter\View\View->CodeIgniter\View\{closure}()
 4 SYSTEMPATH\Common.php(1184): CodeIgniter\View\View->render('frontend_form_payment', [], true)
 5 APPPATH\Controllers\Payment.php(20): view('frontend_form_payment', [...])
 6 SYSTEMPATH\CodeIgniter.php(934): App\Controllers\Payment->index()
 7 SYSTEMPATH\CodeIgniter.php(499): CodeIgniter\CodeIgniter->runController(Object(App\Controllers\Payment))
 8 SYSTEMPATH\CodeIgniter.php(368): CodeIgniter\CodeIgniter->handleRequest(null, Object(Config\Cache), false)
 9 FCPATH\index.php(67): CodeIgniter\CodeIgniter->run()
10 SYSTEMPATH\Commands\Server\rewrite.php(47): require_once('D:\\xampp\\htdocs\\SIMSWEB\\public\\index.php')
CRITICAL - 2024-11-08 09:33:51 --> Undefined variable $kabupaten
in APPPATH\Views\frontend_form_payment.php on line 46.
 1 APPPATH\Views\frontend_form_payment.php(46): CodeIgniter\Debug\Exceptions->errorHandler(2, 'Undefined variable $kabupaten', 'D:\\xampp\\htdocs\\SIMSWEB\\app\\Views\\frontend_form_payment.php', 46)
 2 SYSTEMPATH\View\View.php(213): include('D:\\xampp\\htdocs\\SIMSWEB\\app\\Views\\frontend_form_payment.php')
 3 SYSTEMPATH\View\View.php(216): CodeIgniter\View\View->CodeIgniter\View\{closure}()
 4 SYSTEMPATH\Common.php(1184): CodeIgniter\View\View->render('frontend_form_payment', [], true)
 5 APPPATH\Controllers\Payment.php(20): view('frontend_form_payment', [...])
 6 SYSTEMPATH\CodeIgniter.php(934): App\Controllers\Payment->index()
 7 SYSTEMPATH\CodeIgniter.php(499): CodeIgniter\CodeIgniter->runController(Object(App\Controllers\Payment))
 8 SYSTEMPATH\CodeIgniter.php(368): CodeIgniter\CodeIgniter->handleRequest(null, Object(Config\Cache), false)
 9 FCPATH\index.php(67): CodeIgniter\CodeIgniter->run()
10 SYSTEMPATH\Commands\Server\rewrite.php(47): require_once('D:\\xampp\\htdocs\\SIMSWEB\\public\\index.php')
CRITICAL - 2024-11-08 09:46:46 --> Unmatched '}'
in APPPATH\Controllers\Payment.php on line 49.
 1 SYSTEMPATH\Autoloader\Autoloader.php(289): CodeIgniter\Autoloader\Autoloader->includeFile('D:\\xampp\\htdocs\\SIMSWEB\\app\\Controllers\\Payment.php')
 2 SYSTEMPATH\Autoloader\Autoloader.php(267): CodeIgniter\Autoloader\Autoloader->loadInNamespace('App\\Controllers\\Payment')
 3 [internal function]: CodeIgniter\Autoloader\Autoloader->loadClass('App\\Controllers\\Payment')
 4 SYSTEMPATH\CodeIgniter.php(892): class_exists('\\App\\Controllers\\Payment', true)
 5 SYSTEMPATH\CodeIgniter.php(486): CodeIgniter\CodeIgniter->startController()
 6 SYSTEMPATH\CodeIgniter.php(368): CodeIgniter\CodeIgniter->handleRequest(null, Object(Config\Cache), false)
 7 FCPATH\index.php(67): CodeIgniter\CodeIgniter->run()
 8 SYSTEMPATH\Commands\Server\rewrite.php(47): require_once('D:\\xampp\\htdocs\\SIMSWEB\\public\\index.php')
