INFO - 2024-11-26 15:30:52 --> Session: Class initialized using 'CodeIgniter\Session\Handlers\FileHandler' driver.
INFO - 2024-11-26 15:33:06 --> Session: Class initialized using 'CodeIgniter\Session\Handlers\FileHandler' driver.
INFO - 2024-11-26 15:33:42 --> Session: Class initialized using 'CodeIgniter\Session\Handlers\FileHandler' driver.
INFO - 2024-11-26 15:33:57 --> Session: Class initialized using 'CodeIgniter\Session\Handlers\FileHandler' driver.
INFO - 2024-11-26 15:43:34 --> Session: Class initialized using 'CodeIgniter\Session\Handlers\FileHandler' driver.
INFO - 2024-11-26 15:43:51 --> Session: Class initialized using 'CodeIgniter\Session\Handlers\FileHandler' driver.
INFO - 2024-11-26 15:43:51 --> Session: Class initialized using 'CodeIgniter\Session\Handlers\FileHandler' driver.
INFO - 2024-11-26 16:10:00 --> Session: Class initialized using 'CodeIgniter\Session\Handlers\FileHandler' driver.
INFO - 2024-11-26 16:11:50 --> Session: Class initialized using 'CodeIgniter\Session\Handlers\FileHandler' driver.
INFO - 2024-11-26 16:12:15 --> Session: Class initialized using 'CodeIgniter\Session\Handlers\FileHandler' driver.
INFO - 2024-11-26 16:13:07 --> Session: Class initialized using 'CodeIgniter\Session\Handlers\FileHandler' driver.
INFO - 2024-11-26 16:16:47 --> Session: Class initialized using 'CodeIgniter\Session\Handlers\FileHandler' driver.
INFO - 2024-11-26 16:17:23 --> Session: Class initialized using 'CodeIgniter\Session\Handlers\FileHandler' driver.
INFO - 2024-11-26 16:20:31 --> Session: Class initialized using 'CodeIgniter\Session\Handlers\FileHandler' driver.
INFO - 2024-11-26 16:20:31 --> Session: Class initialized using 'CodeIgniter\Session\Handlers\FileHandler' driver.
INFO - 2024-11-26 16:52:54 --> Session: Class initialized using 'CodeIgniter\Session\Handlers\FileHandler' driver.
CRITICAL - 2024-11-26 16:52:54 --> Undefined variable $provinsi
in APPPATH\Views\pendaftaran_anggota.php on line 135.
 1 APPPATH\Views\pendaftaran_anggota.php(135): CodeIgniter\Debug\Exceptions->errorHandler(2, 'Undefined variable $provinsi', 'D:\\xampp\\htdocs\\SIMSWEB\\app\\Views\\pendaftaran_anggota.php', 135)
 2 SYSTEMPATH\View\View.php(213): include('D:\\xampp\\htdocs\\SIMSWEB\\app\\Views\\pendaftaran_anggota.php')
 3 SYSTEMPATH\View\View.php(216): CodeIgniter\View\View->CodeIgniter\View\{closure}()
 4 SYSTEMPATH\Common.php(1184): CodeIgniter\View\View->render('pendaftaran_anggota', [], true)
 5 APPPATH\Controllers\PendaftaranAnggota.php(11): view('pendaftaran_anggota')
 6 SYSTEMPATH\CodeIgniter.php(934): App\Controllers\PendaftaranAnggota->index()
 7 SYSTEMPATH\CodeIgniter.php(499): CodeIgniter\CodeIgniter->runController(Object(App\Controllers\PendaftaranAnggota))
 8 SYSTEMPATH\CodeIgniter.php(368): CodeIgniter\CodeIgniter->handleRequest(null, Object(Config\Cache), false)
 9 FCPATH\index.php(67): CodeIgniter\CodeIgniter->run()
10 SYSTEMPATH\Commands\Server\rewrite.php(47): require_once('D:\\xampp\\htdocs\\SIMSWEB\\public\\index.php')
INFO - 2024-11-26 17:39:31 --> Session: Class initialized using 'CodeIgniter\Session\Handlers\FileHandler' driver.
CRITICAL - 2024-11-26 17:39:31 --> Undefined variable $provinsi
in APPPATH\Views\pendaftaran_anggota.php on line 136.
 1 APPPATH\Views\pendaftaran_anggota.php(136): CodeIgniter\Debug\Exceptions->errorHandler(2, 'Undefined variable $provinsi', 'D:\\xampp\\htdocs\\SIMSWEB\\app\\Views\\pendaftaran_anggota.php', 136)
 2 SYSTEMPATH\View\View.php(213): include('D:\\xampp\\htdocs\\SIMSWEB\\app\\Views\\pendaftaran_anggota.php')
 3 SYSTEMPATH\View\View.php(216): CodeIgniter\View\View->CodeIgniter\View\{closure}()
 4 SYSTEMPATH\Common.php(1184): CodeIgniter\View\View->render('pendaftaran_anggota', [], true)
 5 APPPATH\Controllers\PendaftaranAnggota.php(11): view('pendaftaran_anggota')
 6 SYSTEMPATH\CodeIgniter.php(934): App\Controllers\PendaftaranAnggota->index()
 7 SYSTEMPATH\CodeIgniter.php(499): CodeIgniter\CodeIgniter->runController(Object(App\Controllers\PendaftaranAnggota))
 8 SYSTEMPATH\CodeIgniter.php(368): CodeIgniter\CodeIgniter->handleRequest(null, Object(Config\Cache), false)
 9 FCPATH\index.php(67): CodeIgniter\CodeIgniter->run()
10 SYSTEMPATH\Commands\Server\rewrite.php(47): require_once('D:\\xampp\\htdocs\\SIMSWEB\\public\\index.php')
INFO - 2024-11-26 17:39:42 --> Session: Class initialized using 'CodeIgniter\Session\Handlers\FileHandler' driver.
CRITICAL - 2024-11-26 17:39:42 --> Undefined variable $provinsi
in APPPATH\Views\pendaftaran_anggota.php on line 136.
 1 APPPATH\Views\pendaftaran_anggota.php(136): CodeIgniter\Debug\Exceptions->errorHandler(2, 'Undefined variable $provinsi', 'D:\\xampp\\htdocs\\SIMSWEB\\app\\Views\\pendaftaran_anggota.php', 136)
 2 SYSTEMPATH\View\View.php(213): include('D:\\xampp\\htdocs\\SIMSWEB\\app\\Views\\pendaftaran_anggota.php')
 3 SYSTEMPATH\View\View.php(216): CodeIgniter\View\View->CodeIgniter\View\{closure}()
 4 SYSTEMPATH\Common.php(1184): CodeIgniter\View\View->render('pendaftaran_anggota', [], true)
 5 APPPATH\Controllers\PendaftaranAnggota.php(11): view('pendaftaran_anggota')
 6 SYSTEMPATH\CodeIgniter.php(934): App\Controllers\PendaftaranAnggota->index()
 7 SYSTEMPATH\CodeIgniter.php(499): CodeIgniter\CodeIgniter->runController(Object(App\Controllers\PendaftaranAnggota))
 8 SYSTEMPATH\CodeIgniter.php(368): CodeIgniter\CodeIgniter->handleRequest(null, Object(Config\Cache), false)
 9 FCPATH\index.php(67): CodeIgniter\CodeIgniter->run()
10 SYSTEMPATH\Commands\Server\rewrite.php(47): require_once('D:\\xampp\\htdocs\\SIMSWEB\\public\\index.php')
ERROR - 2024-11-26 17:46:40 --> mysqli_sql_exception: Table 'sims.provinsi' doesn't exist in D:\xampp\htdocs\SIMSWEB\system\Database\MySQLi\Connection.php:295
Stack trace:
#0 D:\xampp\htdocs\SIMSWEB\system\Database\MySQLi\Connection.php(295): mysqli->query('SELECT *\nFROM `...', 0)
#1 D:\xampp\htdocs\SIMSWEB\system\Database\BaseConnection.php(691): CodeIgniter\Database\MySQLi\Connection->execute('SELECT *\nFROM `...')
#2 D:\xampp\htdocs\SIMSWEB\system\Database\BaseConnection.php(605): CodeIgniter\Database\BaseConnection->simpleQuery('SELECT *\nFROM `...')
#3 D:\xampp\htdocs\SIMSWEB\system\Database\BaseBuilder.php(1616): CodeIgniter\Database\BaseConnection->query('SELECT *\nFROM `...', Array, false)
#4 D:\xampp\htdocs\SIMSWEB\app\Models\M_Form.php(11): CodeIgniter\Database\BaseBuilder->get()
#5 D:\xampp\htdocs\SIMSWEB\app\Controllers\PendaftaranAnggota.php(14): App\Models\M_Form->AllProvinsi()
#6 D:\xampp\htdocs\SIMSWEB\system\CodeIgniter.php(934): App\Controllers\PendaftaranAnggota->index()
#7 D:\xampp\htdocs\SIMSWEB\system\CodeIgniter.php(499): CodeIgniter\CodeIgniter->runController(Object(App\Controllers\PendaftaranAnggota))
#8 D:\xampp\htdocs\SIMSWEB\system\CodeIgniter.php(368): CodeIgniter\CodeIgniter->handleRequest(NULL, Object(Config\Cache), false)
#9 D:\xampp\htdocs\SIMSWEB\public\index.php(67): CodeIgniter\CodeIgniter->run()
#10 D:\xampp\htdocs\SIMSWEB\system\Commands\Server\rewrite.php(47): require_once('D:\\xampp\\htdocs...')
#11 {main}
CRITICAL - 2024-11-26 17:46:40 --> Table 'sims.provinsi' doesn't exist
in SYSTEMPATH\Database\MySQLi\Connection.php on line 295.
 1 SYSTEMPATH\Database\MySQLi\Connection.php(295): mysqli->query('SELECT *
FROM `provinsi`', 0)
 2 SYSTEMPATH\Database\BaseConnection.php(691): CodeIgniter\Database\MySQLi\Connection->execute('SELECT *
FROM `provinsi`')
 3 SYSTEMPATH\Database\BaseConnection.php(605): CodeIgniter\Database\BaseConnection->simpleQuery('SELECT *
FROM `provinsi`')
 4 SYSTEMPATH\Database\BaseBuilder.php(1616): CodeIgniter\Database\BaseConnection->query('SELECT *
FROM `provinsi`', [], false)
 5 APPPATH\Models\M_Form.php(11): CodeIgniter\Database\BaseBuilder->get()
 6 APPPATH\Controllers\PendaftaranAnggota.php(14): App\Models\M_Form->AllProvinsi()
 7 SYSTEMPATH\CodeIgniter.php(934): App\Controllers\PendaftaranAnggota->index()
 8 SYSTEMPATH\CodeIgniter.php(499): CodeIgniter\CodeIgniter->runController(Object(App\Controllers\PendaftaranAnggota))
 9 SYSTEMPATH\CodeIgniter.php(368): CodeIgniter\CodeIgniter->handleRequest(null, Object(Config\Cache), false)
10 FCPATH\index.php(67): CodeIgniter\CodeIgniter->run()
11 SYSTEMPATH\Commands\Server\rewrite.php(47): require_once('D:\\xampp\\htdocs\\SIMSWEB\\public\\index.php')
ERROR - 2024-11-26 17:47:18 --> mysqli_sql_exception: Table 'sims.provinsi' doesn't exist in D:\xampp\htdocs\SIMSWEB\system\Database\MySQLi\Connection.php:295
Stack trace:
#0 D:\xampp\htdocs\SIMSWEB\system\Database\MySQLi\Connection.php(295): mysqli->query('SELECT *\nFROM `...', 0)
#1 D:\xampp\htdocs\SIMSWEB\system\Database\BaseConnection.php(691): CodeIgniter\Database\MySQLi\Connection->execute('SELECT *\nFROM `...')
#2 D:\xampp\htdocs\SIMSWEB\system\Database\BaseConnection.php(605): CodeIgniter\Database\BaseConnection->simpleQuery('SELECT *\nFROM `...')
#3 D:\xampp\htdocs\SIMSWEB\system\Database\BaseBuilder.php(1616): CodeIgniter\Database\BaseConnection->query('SELECT *\nFROM `...', Array, false)
#4 D:\xampp\htdocs\SIMSWEB\app\Models\M_Form.php(11): CodeIgniter\Database\BaseBuilder->get()
#5 D:\xampp\htdocs\SIMSWEB\app\Controllers\Payment.php(22): App\Models\M_Form->AllProvinsi()
#6 D:\xampp\htdocs\SIMSWEB\system\CodeIgniter.php(934): App\Controllers\Payment->index()
#7 D:\xampp\htdocs\SIMSWEB\system\CodeIgniter.php(499): CodeIgniter\CodeIgniter->runController(Object(App\Controllers\Payment))
#8 D:\xampp\htdocs\SIMSWEB\system\CodeIgniter.php(368): CodeIgniter\CodeIgniter->handleRequest(NULL, Object(Config\Cache), false)
#9 D:\xampp\htdocs\SIMSWEB\public\index.php(67): CodeIgniter\CodeIgniter->run()
#10 D:\xampp\htdocs\SIMSWEB\system\Commands\Server\rewrite.php(47): require_once('D:\\xampp\\htdocs...')
#11 {main}
CRITICAL - 2024-11-26 17:47:18 --> Table 'sims.provinsi' doesn't exist
in SYSTEMPATH\Database\MySQLi\Connection.php on line 295.
 1 SYSTEMPATH\Database\MySQLi\Connection.php(295): mysqli->query('SELECT *
FROM `provinsi`', 0)
 2 SYSTEMPATH\Database\BaseConnection.php(691): CodeIgniter\Database\MySQLi\Connection->execute('SELECT *
FROM `provinsi`')
 3 SYSTEMPATH\Database\BaseConnection.php(605): CodeIgniter\Database\BaseConnection->simpleQuery('SELECT *
FROM `provinsi`')
 4 SYSTEMPATH\Database\BaseBuilder.php(1616): CodeIgniter\Database\BaseConnection->query('SELECT *
FROM `provinsi`', [], false)
 5 APPPATH\Models\M_Form.php(11): CodeIgniter\Database\BaseBuilder->get()
 6 APPPATH\Controllers\Payment.php(22): App\Models\M_Form->AllProvinsi()
 7 SYSTEMPATH\CodeIgniter.php(934): App\Controllers\Payment->index()
 8 SYSTEMPATH\CodeIgniter.php(499): CodeIgniter\CodeIgniter->runController(Object(App\Controllers\Payment))
 9 SYSTEMPATH\CodeIgniter.php(368): CodeIgniter\CodeIgniter->handleRequest(null, Object(Config\Cache), false)
10 FCPATH\index.php(67): CodeIgniter\CodeIgniter->run()
11 SYSTEMPATH\Commands\Server\rewrite.php(47): require_once('D:\\xampp\\htdocs\\SIMSWEB\\public\\index.php')
ERROR - 2024-11-26 17:47:18 --> mysqli_sql_exception: Table 'sims.provinsi' doesn't exist in D:\xampp\htdocs\SIMSWEB\system\Database\MySQLi\Connection.php:295
Stack trace:
#0 D:\xampp\htdocs\SIMSWEB\system\Database\MySQLi\Connection.php(295): mysqli->query('SELECT *\nFROM `...', 0)
#1 D:\xampp\htdocs\SIMSWEB\system\Database\BaseConnection.php(691): CodeIgniter\Database\MySQLi\Connection->execute('SELECT *\nFROM `...')
#2 D:\xampp\htdocs\SIMSWEB\system\Database\BaseConnection.php(605): CodeIgniter\Database\BaseConnection->simpleQuery('SELECT *\nFROM `...')
#3 D:\xampp\htdocs\SIMSWEB\system\Database\BaseBuilder.php(1616): CodeIgniter\Database\BaseConnection->query('SELECT *\nFROM `...', Array, false)
#4 D:\xampp\htdocs\SIMSWEB\app\Models\M_Form.php(11): CodeIgniter\Database\BaseBuilder->get()
#5 D:\xampp\htdocs\SIMSWEB\app\Controllers\Payment.php(22): App\Models\M_Form->AllProvinsi()
#6 D:\xampp\htdocs\SIMSWEB\system\CodeIgniter.php(934): App\Controllers\Payment->index()
#7 D:\xampp\htdocs\SIMSWEB\system\CodeIgniter.php(499): CodeIgniter\CodeIgniter->runController(Object(App\Controllers\Payment))
#8 D:\xampp\htdocs\SIMSWEB\system\CodeIgniter.php(368): CodeIgniter\CodeIgniter->handleRequest(NULL, Object(Config\Cache), false)
#9 D:\xampp\htdocs\SIMSWEB\public\index.php(67): CodeIgniter\CodeIgniter->run()
#10 D:\xampp\htdocs\SIMSWEB\system\Commands\Server\rewrite.php(47): require_once('D:\\xampp\\htdocs...')
#11 {main}
CRITICAL - 2024-11-26 17:47:18 --> Table 'sims.provinsi' doesn't exist
in SYSTEMPATH\Database\MySQLi\Connection.php on line 295.
 1 SYSTEMPATH\Database\MySQLi\Connection.php(295): mysqli->query('SELECT *
FROM `provinsi`', 0)
 2 SYSTEMPATH\Database\BaseConnection.php(691): CodeIgniter\Database\MySQLi\Connection->execute('SELECT *
FROM `provinsi`')
 3 SYSTEMPATH\Database\BaseConnection.php(605): CodeIgniter\Database\BaseConnection->simpleQuery('SELECT *
FROM `provinsi`')
 4 SYSTEMPATH\Database\BaseBuilder.php(1616): CodeIgniter\Database\BaseConnection->query('SELECT *
FROM `provinsi`', [], false)
 5 APPPATH\Models\M_Form.php(11): CodeIgniter\Database\BaseBuilder->get()
 6 APPPATH\Controllers\Payment.php(22): App\Models\M_Form->AllProvinsi()
 7 SYSTEMPATH\CodeIgniter.php(934): App\Controllers\Payment->index()
 8 SYSTEMPATH\CodeIgniter.php(499): CodeIgniter\CodeIgniter->runController(Object(App\Controllers\Payment))
 9 SYSTEMPATH\CodeIgniter.php(368): CodeIgniter\CodeIgniter->handleRequest(null, Object(Config\Cache), false)
10 FCPATH\index.php(67): CodeIgniter\CodeIgniter->run()
11 SYSTEMPATH\Commands\Server\rewrite.php(47): require_once('D:\\xampp\\htdocs\\SIMSWEB\\public\\index.php')
INFO - 2024-11-26 17:51:33 --> Session: Class initialized using 'CodeIgniter\Session\Handlers\FileHandler' driver.
INFO - 2024-11-26 17:55:14 --> Session: Class initialized using 'CodeIgniter\Session\Handlers\FileHandler' driver.
INFO - 2024-11-26 17:58:36 --> Session: Class initialized using 'CodeIgniter\Session\Handlers\FileHandler' driver.
INFO - 2024-11-26 18:00:00 --> Session: Class initialized using 'CodeIgniter\Session\Handlers\FileHandler' driver.
INFO - 2024-11-26 18:06:52 --> Session: Class initialized using 'CodeIgniter\Session\Handlers\FileHandler' driver.
INFO - 2024-11-26 18:10:55 --> Session: Class initialized using 'CodeIgniter\Session\Handlers\FileHandler' driver.
INFO - 2024-11-26 18:16:37 --> Session: Class initialized using 'CodeIgniter\Session\Handlers\FileHandler' driver.
INFO - 2024-11-26 18:24:26 --> Session: Class initialized using 'CodeIgniter\Session\Handlers\FileHandler' driver.
ERROR - 2024-11-26 18:26:25 --> mysqli_sql_exception: Unknown column 'payment-method' in 'field list' in D:\xampp\htdocs\SIMSWEB\system\Database\MySQLi\Connection.php:295
Stack trace:
#0 D:\xampp\htdocs\SIMSWEB\system\Database\MySQLi\Connection.php(295): mysqli->query('INSERT INTO `pe...', 0)
#1 D:\xampp\htdocs\SIMSWEB\system\Database\BaseConnection.php(691): CodeIgniter\Database\MySQLi\Connection->execute('INSERT INTO `pe...')
#2 D:\xampp\htdocs\SIMSWEB\system\Database\BaseConnection.php(605): CodeIgniter\Database\BaseConnection->simpleQuery('INSERT INTO `pe...')
#3 D:\xampp\htdocs\SIMSWEB\system\Database\BaseBuilder.php(2309): CodeIgniter\Database\BaseConnection->query('INSERT INTO `pe...', Array, false)
#4 D:\xampp\htdocs\SIMSWEB\system\Model.php(330): CodeIgniter\Database\BaseBuilder->insert()
#5 D:\xampp\htdocs\SIMSWEB\system\BaseModel.php(782): CodeIgniter\Model->doInsert(Array)
#6 D:\xampp\htdocs\SIMSWEB\system\Model.php(730): CodeIgniter\BaseModel->insert(Array, false)
#7 D:\xampp\htdocs\SIMSWEB\system\BaseModel.php(692): CodeIgniter\Model->insert(Array, false)
#8 D:\xampp\htdocs\SIMSWEB\app\Controllers\PendaftaranAnggota.php(60): CodeIgniter\BaseModel->save(Array)
#9 D:\xampp\htdocs\SIMSWEB\system\CodeIgniter.php(934): App\Controllers\PendaftaranAnggota->kirim()
#10 D:\xampp\htdocs\SIMSWEB\system\CodeIgniter.php(499): CodeIgniter\CodeIgniter->runController(Object(App\Controllers\PendaftaranAnggota))
#11 D:\xampp\htdocs\SIMSWEB\system\CodeIgniter.php(368): CodeIgniter\CodeIgniter->handleRequest(NULL, Object(Config\Cache), false)
#12 D:\xampp\htdocs\SIMSWEB\public\index.php(67): CodeIgniter\CodeIgniter->run()
#13 D:\xampp\htdocs\SIMSWEB\system\Commands\Server\rewrite.php(47): require_once('D:\\xampp\\htdocs...')
#14 {main}
CRITICAL - 2024-11-26 18:26:26 --> Unknown column 'payment-method' in 'field list'
in SYSTEMPATH\Database\MySQLi\Connection.php on line 295.
 1 SYSTEMPATH\Database\MySQLi\Connection.php(295): mysqli->query('INSERT INTO `pendaftaran_anggota` (`nama_lengkap`, `email`, `nomor_hp`, `domisili`, `perusahaan`, `jabatan`, `alamat_perusahaan`, `id_type`, `nomor_id`, `gender`, `payment-method`, `provinsi_id`, `kabupaten_id`, `kecamatan_id`) VALUES (NULL, \'admin@gmail.com\', NULL, \'-\', \'PT XXY\', \'Karyawan\', NULL, \'ktp\', \'340404827262626\', \'laki-laki\', NULL, \'13\', NULL, NULL)', 0)
 2 SYSTEMPATH\Database\BaseConnection.php(691): CodeIgniter\Database\MySQLi\Connection->execute('INSERT INTO `pendaftaran_anggota` (`nama_lengkap`, `email`, `nomor_hp`, `domisili`, `perusahaan`, `jabatan`, `alamat_perusahaan`, `id_type`, `nomor_id`, `gender`, `payment-method`, `provinsi_id`, `kabupaten_id`, `kecamatan_id`) VALUES (NULL, \'admin@gmail.com\', NULL, \'-\', \'PT XXY\', \'Karyawan\', NULL, \'ktp\', \'340404827262626\', \'laki-laki\', NULL, \'13\', NULL, NULL)')
 3 SYSTEMPATH\Database\BaseConnection.php(605): CodeIgniter\Database\BaseConnection->simpleQuery('INSERT INTO `pendaftaran_anggota` (`nama_lengkap`, `email`, `nomor_hp`, `domisili`, `perusahaan`, `jabatan`, `alamat_perusahaan`, `id_type`, `nomor_id`, `gender`, `payment-method`, `provinsi_id`, `kabupaten_id`, `kecamatan_id`) VALUES (NULL, \'admin@gmail.com\', NULL, \'-\', \'PT XXY\', \'Karyawan\', NULL, \'ktp\', \'340404827262626\', \'laki-laki\', NULL, \'13\', NULL, NULL)')
 4 SYSTEMPATH\Database\BaseBuilder.php(2309): CodeIgniter\Database\BaseConnection->query('INSERT INTO `pendaftaran_anggota` (`nama_lengkap`, `email`, `nomor_hp`, `domisili`, `perusahaan`, `jabatan`, `alamat_perusahaan`, `id_type`, `nomor_id`, `gender`, `payment-method`, `provinsi_id`, `kabupaten_id`, `kecamatan_id`) VALUES (:nama_lengkap:, :email:, :nomor_hp:, :domisili:, :perusahaan:, :jabatan:, :alamat_perusahaan:, :id_type:, :nomor_id:, :gender:, :payment-method:, :provinsi_id:, :kabupaten_id:, :kecamatan_id:)', [...], false)
 5 SYSTEMPATH\Model.php(330): CodeIgniter\Database\BaseBuilder->insert()
 6 SYSTEMPATH\BaseModel.php(782): CodeIgniter\Model->doInsert([...])
 7 SYSTEMPATH\Model.php(730): CodeIgniter\BaseModel->insert([...], false)
 8 SYSTEMPATH\BaseModel.php(692): CodeIgniter\Model->insert([...], false)
 9 APPPATH\Controllers\PendaftaranAnggota.php(60): CodeIgniter\BaseModel->save([...])
10 SYSTEMPATH\CodeIgniter.php(934): App\Controllers\PendaftaranAnggota->kirim()
11 SYSTEMPATH\CodeIgniter.php(499): CodeIgniter\CodeIgniter->runController(Object(App\Controllers\PendaftaranAnggota))
12 SYSTEMPATH\CodeIgniter.php(368): CodeIgniter\CodeIgniter->handleRequest(null, Object(Config\Cache), false)
13 FCPATH\index.php(67): CodeIgniter\CodeIgniter->run()
14 SYSTEMPATH\Commands\Server\rewrite.php(47): require_once('D:\\xampp\\htdocs\\SIMSWEB\\public\\index.php')
ERROR - 2024-11-26 18:26:57 --> mysqli_sql_exception: Unknown column 'provinsi_id' in 'field list' in D:\xampp\htdocs\SIMSWEB\system\Database\MySQLi\Connection.php:295
Stack trace:
#0 D:\xampp\htdocs\SIMSWEB\system\Database\MySQLi\Connection.php(295): mysqli->query('INSERT INTO `pe...', 0)
#1 D:\xampp\htdocs\SIMSWEB\system\Database\BaseConnection.php(691): CodeIgniter\Database\MySQLi\Connection->execute('INSERT INTO `pe...')
#2 D:\xampp\htdocs\SIMSWEB\system\Database\BaseConnection.php(605): CodeIgniter\Database\BaseConnection->simpleQuery('INSERT INTO `pe...')
#3 D:\xampp\htdocs\SIMSWEB\system\Database\BaseBuilder.php(2309): CodeIgniter\Database\BaseConnection->query('INSERT INTO `pe...', Array, false)
#4 D:\xampp\htdocs\SIMSWEB\system\Model.php(330): CodeIgniter\Database\BaseBuilder->insert()
#5 D:\xampp\htdocs\SIMSWEB\system\BaseModel.php(782): CodeIgniter\Model->doInsert(Array)
#6 D:\xampp\htdocs\SIMSWEB\system\Model.php(730): CodeIgniter\BaseModel->insert(Array, false)
#7 D:\xampp\htdocs\SIMSWEB\system\BaseModel.php(692): CodeIgniter\Model->insert(Array, false)
#8 D:\xampp\htdocs\SIMSWEB\app\Controllers\PendaftaranAnggota.php(60): CodeIgniter\BaseModel->save(Array)
#9 D:\xampp\htdocs\SIMSWEB\system\CodeIgniter.php(934): App\Controllers\PendaftaranAnggota->kirim()
#10 D:\xampp\htdocs\SIMSWEB\system\CodeIgniter.php(499): CodeIgniter\CodeIgniter->runController(Object(App\Controllers\PendaftaranAnggota))
#11 D:\xampp\htdocs\SIMSWEB\system\CodeIgniter.php(368): CodeIgniter\CodeIgniter->handleRequest(NULL, Object(Config\Cache), false)
#12 D:\xampp\htdocs\SIMSWEB\public\index.php(67): CodeIgniter\CodeIgniter->run()
#13 D:\xampp\htdocs\SIMSWEB\system\Commands\Server\rewrite.php(47): require_once('D:\\xampp\\htdocs...')
#14 {main}
CRITICAL - 2024-11-26 18:26:57 --> Unknown column 'provinsi_id' in 'field list'
in SYSTEMPATH\Database\MySQLi\Connection.php on line 295.
 1 SYSTEMPATH\Database\MySQLi\Connection.php(295): mysqli->query('INSERT INTO `pendaftaran_anggota` (`nama_lengkap`, `email`, `nomor_hp`, `domisili`, `perusahaan`, `jabatan`, `alamat_perusahaan`, `id_type`, `nomor_id`, `gender`, `provinsi_id`, `kabupaten_id`, `kecamatan_id`) VALUES (NULL, \'admin@gmail.com\', NULL, \'-\', \'PT XXY\', \'Karyawan\', NULL, \'ktp\', \'340404827262626\', \'laki-laki\', \'13\', NULL, NULL)', 0)
 2 SYSTEMPATH\Database\BaseConnection.php(691): CodeIgniter\Database\MySQLi\Connection->execute('INSERT INTO `pendaftaran_anggota` (`nama_lengkap`, `email`, `nomor_hp`, `domisili`, `perusahaan`, `jabatan`, `alamat_perusahaan`, `id_type`, `nomor_id`, `gender`, `provinsi_id`, `kabupaten_id`, `kecamatan_id`) VALUES (NULL, \'admin@gmail.com\', NULL, \'-\', \'PT XXY\', \'Karyawan\', NULL, \'ktp\', \'340404827262626\', \'laki-laki\', \'13\', NULL, NULL)')
 3 SYSTEMPATH\Database\BaseConnection.php(605): CodeIgniter\Database\BaseConnection->simpleQuery('INSERT INTO `pendaftaran_anggota` (`nama_lengkap`, `email`, `nomor_hp`, `domisili`, `perusahaan`, `jabatan`, `alamat_perusahaan`, `id_type`, `nomor_id`, `gender`, `provinsi_id`, `kabupaten_id`, `kecamatan_id`) VALUES (NULL, \'admin@gmail.com\', NULL, \'-\', \'PT XXY\', \'Karyawan\', NULL, \'ktp\', \'340404827262626\', \'laki-laki\', \'13\', NULL, NULL)')
 4 SYSTEMPATH\Database\BaseBuilder.php(2309): CodeIgniter\Database\BaseConnection->query('INSERT INTO `pendaftaran_anggota` (`nama_lengkap`, `email`, `nomor_hp`, `domisili`, `perusahaan`, `jabatan`, `alamat_perusahaan`, `id_type`, `nomor_id`, `gender`, `provinsi_id`, `kabupaten_id`, `kecamatan_id`) VALUES (:nama_lengkap:, :email:, :nomor_hp:, :domisili:, :perusahaan:, :jabatan:, :alamat_perusahaan:, :id_type:, :nomor_id:, :gender:, :provinsi_id:, :kabupaten_id:, :kecamatan_id:)', [...], false)
 5 SYSTEMPATH\Model.php(330): CodeIgniter\Database\BaseBuilder->insert()
 6 SYSTEMPATH\BaseModel.php(782): CodeIgniter\Model->doInsert([...])
 7 SYSTEMPATH\Model.php(730): CodeIgniter\BaseModel->insert([...], false)
 8 SYSTEMPATH\BaseModel.php(692): CodeIgniter\Model->insert([...], false)
 9 APPPATH\Controllers\PendaftaranAnggota.php(60): CodeIgniter\BaseModel->save([...])
10 SYSTEMPATH\CodeIgniter.php(934): App\Controllers\PendaftaranAnggota->kirim()
11 SYSTEMPATH\CodeIgniter.php(499): CodeIgniter\CodeIgniter->runController(Object(App\Controllers\PendaftaranAnggota))
12 SYSTEMPATH\CodeIgniter.php(368): CodeIgniter\CodeIgniter->handleRequest(null, Object(Config\Cache), false)
13 FCPATH\index.php(67): CodeIgniter\CodeIgniter->run()
14 SYSTEMPATH\Commands\Server\rewrite.php(47): require_once('D:\\xampp\\htdocs\\SIMSWEB\\public\\index.php')
ERROR - 2024-11-26 18:27:17 --> mysqli_sql_exception: Column 'nama_lengkap' cannot be null in D:\xampp\htdocs\SIMSWEB\system\Database\MySQLi\Connection.php:295
Stack trace:
#0 D:\xampp\htdocs\SIMSWEB\system\Database\MySQLi\Connection.php(295): mysqli->query('INSERT INTO `pe...', 0)
#1 D:\xampp\htdocs\SIMSWEB\system\Database\BaseConnection.php(691): CodeIgniter\Database\MySQLi\Connection->execute('INSERT INTO `pe...')
#2 D:\xampp\htdocs\SIMSWEB\system\Database\BaseConnection.php(605): CodeIgniter\Database\BaseConnection->simpleQuery('INSERT INTO `pe...')
#3 D:\xampp\htdocs\SIMSWEB\system\Database\BaseBuilder.php(2309): CodeIgniter\Database\BaseConnection->query('INSERT INTO `pe...', Array, false)
#4 D:\xampp\htdocs\SIMSWEB\system\Model.php(330): CodeIgniter\Database\BaseBuilder->insert()
#5 D:\xampp\htdocs\SIMSWEB\system\BaseModel.php(782): CodeIgniter\Model->doInsert(Array)
#6 D:\xampp\htdocs\SIMSWEB\system\Model.php(730): CodeIgniter\BaseModel->insert(Array, false)
#7 D:\xampp\htdocs\SIMSWEB\system\BaseModel.php(692): CodeIgniter\Model->insert(Array, false)
#8 D:\xampp\htdocs\SIMSWEB\app\Controllers\PendaftaranAnggota.php(57): CodeIgniter\BaseModel->save(Array)
#9 D:\xampp\htdocs\SIMSWEB\system\CodeIgniter.php(934): App\Controllers\PendaftaranAnggota->kirim()
#10 D:\xampp\htdocs\SIMSWEB\system\CodeIgniter.php(499): CodeIgniter\CodeIgniter->runController(Object(App\Controllers\PendaftaranAnggota))
#11 D:\xampp\htdocs\SIMSWEB\system\CodeIgniter.php(368): CodeIgniter\CodeIgniter->handleRequest(NULL, Object(Config\Cache), false)
#12 D:\xampp\htdocs\SIMSWEB\public\index.php(67): CodeIgniter\CodeIgniter->run()
#13 D:\xampp\htdocs\SIMSWEB\system\Commands\Server\rewrite.php(47): require_once('D:\\xampp\\htdocs...')
#14 {main}
CRITICAL - 2024-11-26 18:27:17 --> Column 'nama_lengkap' cannot be null
in SYSTEMPATH\Database\MySQLi\Connection.php on line 295.
 1 SYSTEMPATH\Database\MySQLi\Connection.php(295): mysqli->query('INSERT INTO `pendaftaran_anggota` (`nama_lengkap`, `email`, `nomor_hp`, `domisili`, `perusahaan`, `jabatan`, `alamat_perusahaan`, `id_type`, `nomor_id`, `gender`) VALUES (NULL, \'admin@gmail.com\', NULL, \'-\', \'PT XXY\', \'Karyawan\', NULL, \'ktp\', \'340404827262626\', \'laki-laki\')', 0)
 2 SYSTEMPATH\Database\BaseConnection.php(691): CodeIgniter\Database\MySQLi\Connection->execute('INSERT INTO `pendaftaran_anggota` (`nama_lengkap`, `email`, `nomor_hp`, `domisili`, `perusahaan`, `jabatan`, `alamat_perusahaan`, `id_type`, `nomor_id`, `gender`) VALUES (NULL, \'admin@gmail.com\', NULL, \'-\', \'PT XXY\', \'Karyawan\', NULL, \'ktp\', \'340404827262626\', \'laki-laki\')')
 3 SYSTEMPATH\Database\BaseConnection.php(605): CodeIgniter\Database\BaseConnection->simpleQuery('INSERT INTO `pendaftaran_anggota` (`nama_lengkap`, `email`, `nomor_hp`, `domisili`, `perusahaan`, `jabatan`, `alamat_perusahaan`, `id_type`, `nomor_id`, `gender`) VALUES (NULL, \'admin@gmail.com\', NULL, \'-\', \'PT XXY\', \'Karyawan\', NULL, \'ktp\', \'340404827262626\', \'laki-laki\')')
 4 SYSTEMPATH\Database\BaseBuilder.php(2309): CodeIgniter\Database\BaseConnection->query('INSERT INTO `pendaftaran_anggota` (`nama_lengkap`, `email`, `nomor_hp`, `domisili`, `perusahaan`, `jabatan`, `alamat_perusahaan`, `id_type`, `nomor_id`, `gender`) VALUES (:nama_lengkap:, :email:, :nomor_hp:, :domisili:, :perusahaan:, :jabatan:, :alamat_perusahaan:, :id_type:, :nomor_id:, :gender:)', [...], false)
 5 SYSTEMPATH\Model.php(330): CodeIgniter\Database\BaseBuilder->insert()
 6 SYSTEMPATH\BaseModel.php(782): CodeIgniter\Model->doInsert([...])
 7 SYSTEMPATH\Model.php(730): CodeIgniter\BaseModel->insert([...], false)
 8 SYSTEMPATH\BaseModel.php(692): CodeIgniter\Model->insert([...], false)
 9 APPPATH\Controllers\PendaftaranAnggota.php(57): CodeIgniter\BaseModel->save([...])
10 SYSTEMPATH\CodeIgniter.php(934): App\Controllers\PendaftaranAnggota->kirim()
11 SYSTEMPATH\CodeIgniter.php(499): CodeIgniter\CodeIgniter->runController(Object(App\Controllers\PendaftaranAnggota))
12 SYSTEMPATH\CodeIgniter.php(368): CodeIgniter\CodeIgniter->handleRequest(null, Object(Config\Cache), false)
13 FCPATH\index.php(67): CodeIgniter\CodeIgniter->run()
14 SYSTEMPATH\Commands\Server\rewrite.php(47): require_once('D:\\xampp\\htdocs\\SIMSWEB\\public\\index.php')
INFO - 2024-11-26 18:28:00 --> Session: Class initialized using 'CodeIgniter\Session\Handlers\FileHandler' driver.
INFO - 2024-11-26 18:28:01 --> Session: Class initialized using 'CodeIgniter\Session\Handlers\FileHandler' driver.
CRITICAL - 2024-11-26 18:28:01 --> Undefined variable $provinsi
in APPPATH\Views\pendaftaran_anggota.php on line 137.
 1 APPPATH\Views\pendaftaran_anggota.php(137): CodeIgniter\Debug\Exceptions->errorHandler(2, 'Undefined variable $provinsi', 'D:\\xampp\\htdocs\\SIMSWEB\\app\\Views\\pendaftaran_anggota.php', 137)
 2 SYSTEMPATH\View\View.php(213): include('D:\\xampp\\htdocs\\SIMSWEB\\app\\Views\\pendaftaran_anggota.php')
 3 SYSTEMPATH\View\View.php(216): CodeIgniter\View\View->CodeIgniter\View\{closure}()
 4 SYSTEMPATH\Common.php(1184): CodeIgniter\View\View->render('pendaftaran_anggota', [], true)
 5 APPPATH\Controllers\PendaftaranAnggota.php(11): view('pendaftaran_anggota')
 6 SYSTEMPATH\CodeIgniter.php(934): App\Controllers\PendaftaranAnggota->index()
 7 SYSTEMPATH\CodeIgniter.php(499): CodeIgniter\CodeIgniter->runController(Object(App\Controllers\PendaftaranAnggota))
 8 SYSTEMPATH\CodeIgniter.php(368): CodeIgniter\CodeIgniter->handleRequest(null, Object(Config\Cache), false)
 9 FCPATH\index.php(67): CodeIgniter\CodeIgniter->run()
10 SYSTEMPATH\Commands\Server\rewrite.php(47): require_once('D:\\xampp\\htdocs\\SIMSWEB\\public\\index.php')
INFO - 2024-11-26 18:28:17 --> Session: Class initialized using 'CodeIgniter\Session\Handlers\FileHandler' driver.
CRITICAL - 2024-11-26 18:28:17 --> Undefined variable $provinsi
in APPPATH\Views\pendaftaran_anggota.php on line 137.
 1 APPPATH\Views\pendaftaran_anggota.php(137): CodeIgniter\Debug\Exceptions->errorHandler(2, 'Undefined variable $provinsi', 'D:\\xampp\\htdocs\\SIMSWEB\\app\\Views\\pendaftaran_anggota.php', 137)
 2 SYSTEMPATH\View\View.php(213): include('D:\\xampp\\htdocs\\SIMSWEB\\app\\Views\\pendaftaran_anggota.php')
 3 SYSTEMPATH\View\View.php(216): CodeIgniter\View\View->CodeIgniter\View\{closure}()
 4 SYSTEMPATH\Common.php(1184): CodeIgniter\View\View->render('pendaftaran_anggota', [], true)
 5 APPPATH\Controllers\PendaftaranAnggota.php(11): view('pendaftaran_anggota')
 6 SYSTEMPATH\CodeIgniter.php(934): App\Controllers\PendaftaranAnggota->index()
 7 SYSTEMPATH\CodeIgniter.php(499): CodeIgniter\CodeIgniter->runController(Object(App\Controllers\PendaftaranAnggota))
 8 SYSTEMPATH\CodeIgniter.php(368): CodeIgniter\CodeIgniter->handleRequest(null, Object(Config\Cache), false)
 9 FCPATH\index.php(67): CodeIgniter\CodeIgniter->run()
10 SYSTEMPATH\Commands\Server\rewrite.php(47): require_once('D:\\xampp\\htdocs\\SIMSWEB\\public\\index.php')
INFO - 2024-11-26 18:28:19 --> Session: Class initialized using 'CodeIgniter\Session\Handlers\FileHandler' driver.
CRITICAL - 2024-11-26 18:28:19 --> Undefined variable $provinsi
in APPPATH\Views\pendaftaran_anggota.php on line 137.
 1 APPPATH\Views\pendaftaran_anggota.php(137): CodeIgniter\Debug\Exceptions->errorHandler(2, 'Undefined variable $provinsi', 'D:\\xampp\\htdocs\\SIMSWEB\\app\\Views\\pendaftaran_anggota.php', 137)
 2 SYSTEMPATH\View\View.php(213): include('D:\\xampp\\htdocs\\SIMSWEB\\app\\Views\\pendaftaran_anggota.php')
 3 SYSTEMPATH\View\View.php(216): CodeIgniter\View\View->CodeIgniter\View\{closure}()
 4 SYSTEMPATH\Common.php(1184): CodeIgniter\View\View->render('pendaftaran_anggota', [], true)
 5 APPPATH\Controllers\PendaftaranAnggota.php(11): view('pendaftaran_anggota')
 6 SYSTEMPATH\CodeIgniter.php(934): App\Controllers\PendaftaranAnggota->index()
 7 SYSTEMPATH\CodeIgniter.php(499): CodeIgniter\CodeIgniter->runController(Object(App\Controllers\PendaftaranAnggota))
 8 SYSTEMPATH\CodeIgniter.php(368): CodeIgniter\CodeIgniter->handleRequest(null, Object(Config\Cache), false)
 9 FCPATH\index.php(67): CodeIgniter\CodeIgniter->run()
10 SYSTEMPATH\Commands\Server\rewrite.php(47): require_once('D:\\xampp\\htdocs\\SIMSWEB\\public\\index.php')
INFO - 2024-11-26 18:28:49 --> Session: Class initialized using 'CodeIgniter\Session\Handlers\FileHandler' driver.
INFO - 2024-11-26 18:29:11 --> Session: Class initialized using 'CodeIgniter\Session\Handlers\FileHandler' driver.
INFO - 2024-11-26 18:29:11 --> Session: Class initialized using 'CodeIgniter\Session\Handlers\FileHandler' driver.
