INFO - 2024-12-07 12:21:46 --> Session: Class initialized using 'CodeIgniter\Session\Handlers\FileHandler' driver.
INFO - 2024-12-07 12:21:49 --> Session: Class initialized using 'CodeIgniter\Session\Handlers\FileHandler' driver.
CRITICAL - 2024-12-07 12:31:14 --> Invalid file: "layouts/admin_template.php"
in SYSTEMPATH\Exceptions\FrameworkException.php on line 33.
 1 SYSTEMPATH\View\View.php(201): CodeIgniter\Exceptions\FrameworkException::forInvalidFile('layouts/admin_template.php')
 2 SYSTEMPATH\View\View.php(229): CodeIgniter\View\View->render('layouts/admin_template', [], true)
 3 SYSTEMPATH\Common.php(1184): CodeIgniter\View\View->render('admin/contact_list', [], true)
 4 APPPATH\Controllers\ContactUs.php(46): view('admin/contact_list', [...])
 5 SYSTEMPATH\CodeIgniter.php(934): App\Controllers\ContactUs->index()
 6 SYSTEMPATH\CodeIgniter.php(499): CodeIgniter\CodeIgniter->runController(Object(App\Controllers\ContactUs))
 7 SYSTEMPATH\CodeIgniter.php(368): CodeIgniter\CodeIgniter->handleRequest(null, Object(Config\Cache), false)
 8 FCPATH\index.php(67): CodeIgniter\CodeIgniter->run()
 9 SYSTEMPATH\Commands\Server\rewrite.php(47): require_once('D:\\xampp\\htdocs\\SIMSWEB\\public\\index.php')
CRITICAL - 2024-12-07 12:32:00 --> Invalid file: "layouts/admin_dashboard.php"
in SYSTEMPATH\Exceptions\FrameworkException.php on line 33.
 1 SYSTEMPATH\View\View.php(201): CodeIgniter\Exceptions\FrameworkException::forInvalidFile('layouts/admin_dashboard.php')
 2 SYSTEMPATH\View\View.php(229): CodeIgniter\View\View->render('layouts/admin_dashboard', [], true)
 3 SYSTEMPATH\Common.php(1184): CodeIgniter\View\View->render('admin/contact_list', [], true)
 4 APPPATH\Controllers\ContactUs.php(46): view('admin/contact_list', [...])
 5 SYSTEMPATH\CodeIgniter.php(934): App\Controllers\ContactUs->index()
 6 SYSTEMPATH\CodeIgniter.php(499): CodeIgniter\CodeIgniter->runController(Object(App\Controllers\ContactUs))
 7 SYSTEMPATH\CodeIgniter.php(368): CodeIgniter\CodeIgniter->handleRequest(null, Object(Config\Cache), false)
 8 FCPATH\index.php(67): CodeIgniter\CodeIgniter->run()
 9 SYSTEMPATH\Commands\Server\rewrite.php(47): require_once('D:\\xampp\\htdocs\\SIMSWEB\\public\\index.php')
CRITICAL - 2024-12-07 12:33:12 --> Invalid file: "layouts/admin_template.php"
in SYSTEMPATH\Exceptions\FrameworkException.php on line 33.
 1 SYSTEMPATH\View\View.php(201): CodeIgniter\Exceptions\FrameworkException::forInvalidFile('layouts/admin_template.php')
 2 SYSTEMPATH\View\View.php(229): CodeIgniter\View\View->render('layouts/admin_template', [], true)
 3 SYSTEMPATH\Common.php(1184): CodeIgniter\View\View->render('admin/contact_list', [], true)
 4 APPPATH\Controllers\ContactUs.php(46): view('admin/contact_list', [...])
 5 SYSTEMPATH\CodeIgniter.php(934): App\Controllers\ContactUs->index()
 6 SYSTEMPATH\CodeIgniter.php(499): CodeIgniter\CodeIgniter->runController(Object(App\Controllers\ContactUs))
 7 SYSTEMPATH\CodeIgniter.php(368): CodeIgniter\CodeIgniter->handleRequest(null, Object(Config\Cache), false)
 8 FCPATH\index.php(67): CodeIgniter\CodeIgniter->run()
 9 SYSTEMPATH\Commands\Server\rewrite.php(47): require_once('D:\\xampp\\htdocs\\SIMSWEB\\public\\index.php')
CRITICAL - 2024-12-07 12:33:18 --> Invalid file: "layouts/admin_template.php"
in SYSTEMPATH\Exceptions\FrameworkException.php on line 33.
 1 SYSTEMPATH\View\View.php(201): CodeIgniter\Exceptions\FrameworkException::forInvalidFile('layouts/admin_template.php')
 2 SYSTEMPATH\View\View.php(229): CodeIgniter\View\View->render('layouts/admin_template', [], true)
 3 SYSTEMPATH\Common.php(1184): CodeIgniter\View\View->render('admin/contact_list', [], true)
 4 APPPATH\Controllers\ContactUs.php(46): view('admin/contact_list', [...])
 5 SYSTEMPATH\CodeIgniter.php(934): App\Controllers\ContactUs->index()
 6 SYSTEMPATH\CodeIgniter.php(499): CodeIgniter\CodeIgniter->runController(Object(App\Controllers\ContactUs))
 7 SYSTEMPATH\CodeIgniter.php(368): CodeIgniter\CodeIgniter->handleRequest(null, Object(Config\Cache), false)
 8 FCPATH\index.php(67): CodeIgniter\CodeIgniter->run()
 9 SYSTEMPATH\Commands\Server\rewrite.php(47): require_once('D:\\xampp\\htdocs\\SIMSWEB\\public\\index.php')
